# Bitnodes short version https://bitnodes.io/api/v1/snapshots/
# Time 1653825400
IP Address|Port|Protocol Version|User Agent|Connected Since|Height|Hostname|Country Code|ASN|Organization Name
23ojdhgjcprwkozjqxg2cv4govg2562pw57k3vp6eb6y2pktql6bewad.onion|8333|70016|/Satoshi:22.0.0/|1653825408|738419|None|None|None|None
25lylpe2kibcwujuqvfgmtkhsf2or5v56vilkaqiezcqcuuhlrdlydqd.onion|8333|70016|/Satoshi:22.0.0/|1653825185|738419|None|None|TOR|Tor network
26k5mrxjpwir6wo66fwcp35kbxewmrlv6kuf26cs2y76ev2rokexnyid.onion|8333|70016|/Satoshi:22.0.0/|1653825406|738419|None|None|TOR|Tor network
2biwoifonve6vd3v5zhmomurzkx3xnbsno5yerl7szj3rxh3xumowaad.onion|8333|70016|/Satoshi:22.0.0/|1653825125|738419|None|None|TOR|Tor network
2bsyb2oj7kffuwfrepz36qxxolox2lieqzh7pleuxg6yd6ms6thlsgyd.onion|8333|70016|/Satoshi:22.0.0/|1653825124|738419|None|None|TOR|Tor network
2cshan3t3qingatxshthjhyc2x2rfy54y4uat4jpfryz7547g6finvad.onion|8333|70016|/Satoshi:22.0.0/Knots:20211108/|1653825436|738419|None|None|None|None
2dbtkfnjw6ka7tfev5nwgus5ancj3uzasaw2cqauhf5sk7hplir4mqad.onion|8333|70016|/Satoshi:22.0.0/|1653825157|738419|None|None|TOR|Tor network
2fstxy3w7zwuxcpjzxnwhhbch2dmwxnuzz2yebqhjc4cv5za3pqwrbyd.onion|8333|70016|/Satoshi:22.0.0/|1653825373|738419|None|None|TOR|Tor network
2lnptqyccvrmmceiqpcmdaac4yy3uwtwza56hhrefoxr6zww6d65bsad.onion|8333|70016|/Satoshi:23.0.0/|1653825388|738419|None|None|TOR|Tor network
2qcl5ogeva74zrlmn3x5hnmcoixgib767mo6aniwpttc4i3ia5haniid.onion|8333|70016|/Satoshi:22.0.0/|1653825130|738418|None|None|TOR|Tor network
2rujyvw32436igarb4xoakksq3hr2ndza6hjdjgyuadzyjk5gkry3eid.onion|8333|70016|/Satoshi:22.0.0/|1653825180|738419|None|None|TOR|Tor network
2t47fb6nuvqppfmfpgvtd3xlzq45aitjjdu2lubnod37vgj5yhxsz6qd.onion|8333|70016|/Satoshi:22.0.0/Knots:20211108/|1653825407|738419|None|None|TOR|Tor network
2t576ubhaouec3lvp3jj4dsnjzoe3vzdkckomeexvevvwcodcljk5iqd.onion|8333|70016|/Satoshi:22.0.0/|1653825407|738419|None|None|None|None
34voybqytpbptvllefyo3aifvkvckv4zwuuwum6b3hw25ynk2zj5jeyd.onion|8333|70016|/Satoshi:22.0.0/|1653825164|738419|None|None|TOR|Tor network
35frmncfzxsogsss5t4snhnesoh4xwk7ppsz2cqm74fps3fqgsuzimqd.onion|8333|70016|/Satoshi:23.0.0/|1653825419|738419|None|None|TOR|Tor network
37pzyxo26n36xnayfvxnlzedmitihfpasphkrtixtmzhgct3dctemgyd.onion|8333|70016|/Satoshi:22.0.0/|1653825435|738419|None|None|None|None
3buwlfmigkcnlywnhtnhzob2m2d5yhfz6auh2npr5mevjftxvrwwjdqd.onion|8333|70016|/Satoshi:22.0.0/|1653825433|738419|None|None|TOR|Tor network
3dioxfoojb3gmink7s4mqjggdv3nzvukzzojg4elpigwfv4kos54m6qd.onion|8333|70016|/Satoshi:22.0.0/|1653825433|738419|None|None|TOR|Tor network
3jkbkzk4ezye3v4ij2oucrewfpzfbkfp5puxvxwrtsv2zihoex3rvryd.onion|8333|70016|/Satoshi:22.0.0/|1653825188|738419|None|None|TOR|Tor network
3ltg4plrnpqj3qin2zo4jqf3ahoamxftivo2eol2gfhuuo3bgo32v5yd.onion|8333|70016|/Satoshi:22.0.0/|1653825436|738419|None|None|TOR|Tor network
3mnh6qllzwxaqsj6w6xa4kzr6t4jikinnc27sfasnudwt7gtbrjwfrqd.onion|8333|70016|/Satoshi:22.0.0/|1653825185|738419|None|None|TOR|Tor network
3nzbwfbay25ci4ornroqedpgqvjtjcfaic4u7fav5tkvoqjebjqegxyd.onion|8333|70016|/Satoshi:0.21.1/|1653825185|738419|None|None|TOR|Tor network
3o2wmrqxmzazfvc6asgk6mublxzstb5wa5rg5njcs7hsxsb2f7anafyd.onion|8333|70016|/Satoshi:22.0.0/|1653825185|738419|None|None|TOR|Tor network
3plxex376jhda6bx3q7272nmkftoqoljmyvhwctnoppfbo6xoqnrbuqd.onion|8333|70016|/Satoshi:22.0.0/|1653825410|738419|None|None|TOR|Tor network
3qqp3f3qczsoclbhq5uzcoswrrrixhbqoz3gnjv6mt5azi6fjayfebqd.onion|8333|70016|/Satoshi:22.0.0/|1653825128|738419|None|None|TOR|Tor network
3r65tcg22x3fxth3lslff7vh7qbdjvriiapyzknxdxjgyphttv2et4id.onion|8333|70016|/Satoshi:23.0.0/|1653825165|738419|None|None|TOR|Tor network
3rbffzits7rjmn5bztgkotqtvq2ddcqnixnf3onhi4rw3ibeqvkansqd.onion|8333|70016|/Satoshi:22.0.0/|1653825185|738419|None|None|TOR|Tor network
3sv2krzfaucijpwdm3pbdvnpptgat5bpxazrnuwz7wl4xd64cvvb2iid.onion|8333|70016|/Satoshi:0.21.0/|1653825414|738419|None|None|TOR|Tor network
3te24chkpows2ocf5opbkye3l353zr45ehxonau25sd2wdiddyrkz6yd.onion|8333|70016|/Satoshi:22.0.0/|1653825182|738419|None|None|TOR|Tor network
3v5zib4xxw2fbghcrmudpb3xggrxqksim7ozxnm2os4fe6rusg2komid.onion|8333|70016|/Satoshi:0.21.1/|1653825162|738418|None|None|TOR|Tor network
3vebnfmrzyd2x2ck54ukkx65jshomyf6nyhpk2bj4qqbsje24gjbxoad.onion|8333|70016|/Satoshi:22.0.0/|1653825161|738419|None|None|TOR|Tor network
3y3cygtrwbsebiw2dp6hrg4e3tbatoaa2zbhatdkkl3ar2lntcw3ceyd.onion|8333|70016|/Satoshi:23.0.0/|1653825439|738419|None|None|None|None
3zyrfhmlu5g76o3rio2oxwl5zrpb4wo6reuf6isjvtcslnkc7ezoeryd.onion|8333|70016|/Satoshi:22.0.0/|1653825165|738418|None|None|TOR|Tor network
42up3laiiblklyf5sh2sdyauc7ry36d5bgje3ncexfgxzpqjhfl4f2yd.onion|8333|70016|/Satoshi:23.0.0/|1653825141|738419|None|None|TOR|Tor network
47mrpjnl4eyvg26j3t2lb2agulfncrcvgkkvngyz2zvjrwfqabpdrmad.onion|8333|70016|/Satoshi:22.0.0/|1653825180|738419|None|None|TOR|Tor network
4d4msiyonnr5etfcpkukeeycvtd6hikk2vrdz4fmlgvzh76bhx35k4yd.onion|8333|70016|/Satoshi:22.0.0/|1653825364|738419|None|None|TOR|Tor network
4dprdqyzsj45k3mczfpp6gutbndybne7refrnstifc3sk6n5shsuhmyd.onion|8333|70016|/Satoshi:22.0.0/|1653825410|738419|None|None|None|None
4glwqmmlagculw7b23slt5w6j7hzolu3cm2koiytsoknptgrsq3uusid.onion|8333|70016|/Satoshi:22.99.0/|1653825436|738419|None|None|TOR|Tor network
4i6jat6h7nf4b6mcx6pkvzasar7p6tk4mdg77yv6ka4z6ucynvbzwmyd.onion|8333|70016|/Satoshi:23.0.0/|1653825127|738419|None|None|TOR|Tor network
4kllszxgsrsohfwpnb5ofeo2vsanr22ms4gv5z2xi4i5mreajj6hyfid.onion|8333|70016|/Satoshi:22.0.0/|1653825163|738419|None|None|TOR|Tor network
4qm6fpi4kldk6iueflzyvyq6utczyygwdelfj6ykmgpg7xvbv46mmvad.onion|8333|70016|/Satoshi:22.0.0/|1653825146|738419|None|None|TOR|Tor network
4rigyqxe5mzzdqudi34jfpdfspltf66mgrb6y73vm7fuv6jbhdtmzjad.onion|8333|70016|/Satoshi:0.21.1/|1653825156|738419|None|None|TOR|Tor network
4u3xvifpqcp7drqseyqbo4fr77cfutrdvzgf27hf6n7v3gyjvzweqkqd.onion|8333|70016|/Satoshi:22.0.0/|1653825433|738419|None|None|TOR|Tor network
4wmuv2vy2prgrjwv5eo6stvdwoqdril43wnld5cgcbtnf7stmjiedrqd.onion|8333|70016|/Satoshi:22.0.0/|1653825180|738419|None|None|TOR|Tor network
4wy3siugiyjw37gdtuykwfxzqmi5cpecol34mdy7cet43y7oawemh6id.onion|8333|70016|/Satoshi:22.0.0/|1653825181|738419|None|None|TOR|Tor network
4yaje7folwznv4yqes5jaxww36fbl7xgehfium3zprmtkkxmxhtrdcid.onion|8333|70016|/Satoshi:23.0.0/|1653825164|738419|None|None|TOR|Tor network
56ivjt6dc5xv4pwjxzsajg6aromggytmftpifgumfz3zb5bkisklnayd.onion|8333|70016|/Satoshi:22.0.0/|1653825383|738419|None|None|TOR|Tor network
5aik6iotgaf4lwyfpic2xj4xmpt2xe6dxeaohz5rdpei6vdp4nduomyd.onion|8333|70016|/Satoshi:22.0.0/|1653825136|738419|None|None|TOR|Tor network
5cz4z5w3ac7xuqugfegkbr5srldoe5ieuhi4etltrdywx3szmy7dfkad.onion|8333|70016|/Satoshi:22.0.0/|1653825433|738419|None|None|TOR|Tor network
5eylvgkgpu6dprcmg47ix6f7ybfw7nussju52hktienbbzqd4heubaad.onion|8333|70016|/Satoshi:22.0.0/|1653825138|738419|None|None|TOR|Tor network
5jw7lbkn2ib5d3wavvcqhsqzhcvakusjwuurvvsred63vk7zib5qyjqd.onion|8333|70016|/Satoshi:22.0.0/|1653825142|738419|None|None|TOR|Tor network
5kxgejkdal4c3jbz6ujb6hldck66qzbp3fuxq56mk3fao4gchede54id.onion|8333|70016|/Satoshi:22.0.0/|1653825125|738419|None|None|TOR|Tor network
5muanjym425vnyjge36tbrhoqnxxcr2hmueb73ij5po7nfk35vywnzid.onion|8333|70016|/Satoshi:22.0.0/|1653825410|738419|None|None|TOR|Tor network
5t6o4ck3jtwbcyqurewkgrslo3q5xht4scyen7y7dsirflls37xz6yyd.onion|8333|70016|/Satoshi:22.0.0/|1653825180|738419|None|None|TOR|Tor network
5utkjpytayvztganaaoz4oraznxx3l6w2423nueit4laipxdb3cos7yd.onion|8333|70016|/Satoshi:22.0.0/|1653825435|738419|None|None|TOR|Tor network
5wu5ncafteaqd5y5mdatbr5hw3pnjp7k5jeltu37kyybknldhv2vbsid.onion|8333|70016|/Satoshi:22.0.0/|1653825433|738419|None|None|TOR|Tor network
5xk42tiuvch2jabvdhqp67jsg6e4lilwb2orup5u25n27tf7xioizsid.onion|8333|70016|/Satoshi:22.0.0/|1653825384|738419|None|None|TOR|Tor network
5xlhfhcyu3qvfqtlj26o5qbhm5wrrmt3slkk4cqngzsehgmtfgcziiid.onion|8333|70016|/Satoshi:22.0.0/|1653825436|738419|None|None|TOR|Tor network
5zseaiyaqqnsku5t4yqqik47fe54v475cneeyywqc22bj7adkhzkwqid.onion|8333|70016|/Satoshi:22.0.0/|1653825436|738419|None|None|TOR|Tor network
63h6d4d6o7qijkuh2kwvg27docg775m3uzcgqsclwxllmmq73edg6jyd.onion|8333|70016|/Satoshi:22.0.0/Knots:20211108/|1653825184|738419|None|None|TOR|Tor network
64sfurs6ga56mas4lckubjzuvj2sot26cqca7fp32pxv54qxyez2alad.onion|8333|70016|/Satoshi:22.0.0/|1653825433|738419|None|None|TOR|Tor network
64ukfbvxazse5pczejlbs3zv3qq43l4qvxa73aswofkxhdbk24clkgid.onion|8333|70016|/Satoshi:22.0.0/|1653825138|738419|None|None|TOR|Tor network
64xlxb3qmxous7bcufziowigezygzkawxnuslrhmxzznztcdabg3nnyd.onion|8333|70016|/Satoshi:22.0.0/|1653825185|738419|None|None|TOR|Tor network
6bzztwq7benp3oc2jkedchjyfj7jquv7zzhlbwkuvasropqppjnpinyd.onion|8333|70016|/Satoshi:22.0.0/|1653825437|738419|None|None|TOR|Tor network
6cfemycnvw2habtcmx3act6awmpr6iiqidf5k4ykcrusiadav3gxrfad.onion|8333|70016|/Satoshi:0.21.1/|1653825132|738419|None|None|TOR|Tor network
6dsxawhvrwcikz4nr75pp4ltgdv6fjxsje3tqyn7k4a7rkjdnj5n6vad.onion|8333|70016|/Satoshi:23.0.0/|1653825399|738419|None|None|TOR|Tor network
6fiuwujdp6pekwc54ionaocu3ifauao7kq2sfqivpnalggqjzqmid5id.onion|8333|70016|/Satoshi:22.0.0/|1653825383|738419|None|None|TOR|Tor network
6fpg4absdnwb3veimyr47y6weofpfifzrodk2ebc63dnmucx7m32ibyd.onion|8333|70016|/Satoshi:22.0.0/|1653825406|738419|None|None|TOR|Tor network
6gida3xonklc3gzqpngqkoodasapqtnyuldcukfjwshqp2yyzi3fsnqd.onion|8333|70016|/Satoshi:22.0.0/|1653825410|738419|None|None|TOR|Tor network
6hemqlxaym33c36ronzoadbfqt6ip4ev4waitdqcknclz47ksysiyoid.onion|8333|70016|/Satoshi:22.99.0/|1653825122|738419|None|None|TOR|Tor network
6lenaxru4nifrcn7dqqykdseacajoeu34bil54y7qevarsz6dnemtkid.onion|8333|70016|/Satoshi:22.0.0/|1653825149|738419|None|None|TOR|Tor network
6m3twi3u53fshzy3mzrag47rzg3v4loykf4a7apbcydotc2bwjtpxaqd.onion|8333|70016|/Satoshi:22.0.0/|1653825140|738419|None|None|TOR|Tor network
6pjh6zueshztkktwtmx3hs7kwqglpdedrrc7ccbh6tcawfzvhxl76xyd.onion|8333|70016|/Satoshi:22.0.0/|1653825180|738419|None|None|TOR|Tor network
6qh4tde3tlxvvmmxwnxlnb2zyr7cv35jz2qgqxyzujpjpwonw6livjad.onion|8333|70016|/Satoshi:22.0.0/|1653825159|738419|None|None|TOR|Tor network
6s7gii276uwowcf7247d7phmjdfhekjodx5r5kkshujzqkqirqqocyad.onion|8333|70016|/Satoshi:22.0.0/|1653825148|738419|None|None|TOR|Tor network
6t4nkwlttqylj2mhi5e2wbnj7cvkunn3qwz56q7qhtcrrp6qvqxgrkad.onion|8333|70016|/Satoshi:22.0.0/Knots:20211108/|1653825436|738419|None|None|None|None
6ye4egxkuitmosf6ummguk646tn4xbyc73qnyxs7buhv3wrkhcaj45qd.onion|8333|70016|/Satoshi:22.0.0/|1653825185|738419|None|None|TOR|Tor network
6ygbmwqohdq3igfafsqduchgbilfld3sarvqcf6homd5ueclkuqhraid.onion|8333|70016|/Satoshi:22.0.0/|1653825434|738419|None|None|TOR|Tor network
72bgl6ped3njccx5ukpsa7jkc76365pidug3p2x7ni4psofpcvdxocyd.onion|8333|70016|/Satoshi:22.0.0/|1653825179|738418|None|None|TOR|Tor network
76gowkaho4unvo5ft62ko7itbvgxdhib3nghymsawiyprdxinevk2zad.onion|8333|70016|/Satoshi:22.0.0/|1653825160|738419|None|None|TOR|Tor network
7a4kas2adj2je5owmusnzoctnj5hcxjhhf3ufjcjiyzovxitoch7dbyd.onion|8333|70016|/Satoshi:22.0.0/|1653825164|738419|None|None|TOR|Tor network
7ai7yt2f4fnynuamtzonygjw5suz6gb2umahe34wotyrfgu3wlaw7syd.onion|8333|70016|/Satoshi:22.0.0/|1653825390|738419|None|None|TOR|Tor network
7eh5u47baua2z7g27mwj6kb2mtbgah5rj476pmksimnb6kj2cux7j7ad.onion|8333|70016|/Satoshi:22.0.0/|1653825399|738419|None|None|TOR|Tor network
7fwpc5o5zfhdow25vvkrjhhpsw4kosowkgkvkxzjnbnxwjydtkkgdryd.onion|8333|70016|/Satoshi:22.0.0/|1653825122|738419|None|None|TOR|Tor network
7fys2fq2wi46khzfoi2a2c6pxj6zcojmcoqmxjtyhxi3xwho3wb6ypid.onion|8333|70016|/Satoshi:22.0.0/|1653825120|738419|None|None|TOR|Tor network
7gayougjbufmmzaqnpnhwj6awliwdhtq72yoe7f4t2d5atyywhpbnzid.onion|8333|70016|/Satoshi:22.0.0/|1653825159|738419|None|None|TOR|Tor network
7giyhjwlrzp6n7xodpkxadllvmg3wx7k7bpyrbc7bg2zyotigfi2ywyd.onion|8333|70016|/Satoshi:23.0.0/|1653825410|738419|None|None|None|None
7naljuibkdnipwzpfwpkmtio6dpujulqtscvpdh7hq4f57hcqd2dpmyd.onion|8333|70016|/Satoshi:22.0.0/|1653825180|738419|None|None|TOR|Tor network
7oa3eqrh75cv2mmzqihlh5k6qliw4hyr2ya7x3gsbm7d2xirifhbf2ad.onion|8333|70016|/Satoshi:22.0.0/|1653825180|738419|None|None|TOR|Tor network
7oueue7a5ardz6s2tqui5vyuchtzyalbeewe6sqixmarlen5kw2dliad.onion|8333|70016|/Satoshi:22.0.0/|1653825181|738419|None|None|TOR|Tor network
7sb2exobyu2lysowowipowqgeefqg7jdolbvmup3dfui2nyayfzovnid.onion|8333|70016|/Satoshi:22.0.0/Knots:20211108/|1653825184|738419|None|None|TOR|Tor network
7sn67iobwblkml4edzliuqzcbw5pajr67nexy6bg7t6ihshz2qy3yxad.onion|8333|70016|/Satoshi:23.0.0/|1653825410|738419|None|None|TOR|Tor network
7uttm43vtaqucd6pvuthgpic5ohon3wekdddspcptmw5vuuyernu6nyd.onion|8333|70016|/Satoshi:22.0.0/|1653825121|738419|None|None|TOR|Tor network
7vd2mn3xvati2khi4l57mm3gmj7sz5uaba5oynywywhhcus4nfrrniyd.onion|8333|70016|/Satoshi:22.0.0/|1653825378|738419|None|None|TOR|Tor network
7vlym5sjih25d2yf4fiz27mrok26epfmavp3cbzusxwuyh7io3i3clyd.onion|8333|70016|/Satoshi:22.0.0/|1653825146|738419|None|None|TOR|Tor network
7voirdkrdd6hgwykvipwoayjuki3au2qspm3uzn2o2qumk7rbdy7qvyd.onion|8333|70016|/Satoshi:22.0.0/|1653825179|738419|None|None|TOR|Tor network
7wxxesf7llr5fqv5f6u3b3hczwkmqgdwaxu43zvf65tzammkzlif5iyd.onion|8333|70016|/Satoshi:22.0.0/|1653825159|738419|None|None|TOR|Tor network
7xvnrevr7rt6k6npdyvtkwo4ueh62vd7c6kkkknr6yry6b75dbqs4dad.onion|8333|70016|/Satoshi:22.0.0/|1653825436|738419|None|None|TOR|Tor network
7y3cucgazdo4d5lmuu4vpzzfahyo2orwpdskoa3arhauq45doowxcqad.onion|8333|70016|/Satoshi:22.0.0/|1653825386|738419|None|None|TOR|Tor network
7ycy5ixt52tsc323vm65a5qqqwt2wdquluqtjxvcm45vu5m6ksjk2uqd.onion|8333|70016|/Satoshi:22.0.0/|1653825408|738419|None|None|TOR|Tor network
7yubvjf3crwuiozhxbx6t3ypb2utnvmhg5dkknl4g6vyxq24qookfvyd.onion|8333|70016|/Satoshi:0.21.1/|1653825145|738419|None|None|TOR|Tor network
7zbvwao7twb42mgahbpbfq5gpmtypfqo5dx5qciiagxo2ldntl7goiad.onion|8333|70016|/Satoshi:22.0.0/|1653825162|738419|None|None|TOR|Tor network
7zpb4hdjllviibamttwnfo5isd5a47u2u3hc43aflnyfknsqbwx7a6id.onion|8333|70016|/Satoshi:22.0.0/|1653825179|738419|None|None|TOR|Tor network
a2yg65ggnnswbrs2kd45ja44oj4toayr7txa2wmmydany6576yqoweqd.onion|8333|70016|/Satoshi:22.0.0/|1653825430|738419|None|None|TOR|Tor network
actz3z6d7i7c4fp3p7faxbuniywz3bjobjqpya6snrkkommpsguetmqd.onion|8333|70016|/Satoshi:22.0.0/|1653825180|738419|None|None|TOR|Tor network
al3kvell33jichbbhsscclf7exdeap2znliq5pl4sd6qymmgznx4siad.onion|8333|70016|/Satoshi:22.0.0/|1653825406|738419|None|None|None|None
alypraiwo3kygsm7ta4m27jjad7gxucs2owpmy2cybw6lxfiirgxvsad.onion|8333|70016|/Satoshi:22.0.0/|1653825141|738419|None|None|TOR|Tor network
amdtnuzxsv7jwls4l4txereb4ghrxteo4zlhhkabjdtu74lar5y3ajqd.onion|8333|70016|/Satoshi:22.0.0/|1653825410|738419|None|None|TOR|Tor network
amzdlqjwmngdoilndqzwmgl75a3vggv2dw4xklcy3roqfqqk4ce2dfyd.onion|8333|70016|/Satoshi:22.0.0/Knots:20211108/|1653825160|738418|None|None|TOR|Tor network
anis7aqndyzimjpoeix7iaoe3z3urhu5pqllkqjrea42fsapf5nau6yd.onion|8333|70016|/Satoshi:0.21.1/|1653825179|738419|None|None|TOR|Tor network
antakllevgu25u2z7axdj2bg2m2zaivd6guhjtqzopxheehr6yxoomad.onion|8333|70016|/Satoshi:22.99.0/|1653825132|738419|None|None|TOR|Tor network
aodbuvye63hovg37duc5jb6lp57teutsos5x35fcqwsl5urzhbma3lyd.onion|8333|70016|/Satoshi:22.0.0/|1653825410|738419|None|None|TOR|Tor network
asnsc5rwgktgik5j6hrah43z7d3v64vyqhulhes4i56vbhnuz2f6urad.onion|8333|70016|/Satoshi:22.0.0/|1653825125|738419|None|None|TOR|Tor network
av5js5zqbrt43vs6umast4miwbn6ghzd4by5ayti37uwyzeuy6e5psyd.onion|8333|70016|/Satoshi:22.0.0/|1653825137|738419|None|None|TOR|Tor network
avzaavbztisw4o5ohv44ij4ebtkcdzkk572hkhbaokgkj4bapdfde3yd.onion|8333|70016|/Satoshi:22.0.0/|1653825384|738419|None|None|TOR|Tor network
axslxoc74n4hahsrrry6wuijb5i2t5ypvho44qzoauoqpwax54kodwqd.onion|8333|70016|/Satoshi:0.21.0/|1653825184|738419|None|None|TOR|Tor network
b2i3zmgwknf4pegnwrq2qzmb6w6nl2yedxtlwu5oqxzgolw33j77wxqd.onion|8333|70016|/Satoshi:22.0.0/|1653825156|738419|None|None|TOR|Tor network
b4ahokjexa7cnudjy33jcsdsenmi7q5np35pc5a3f2zijysvyjgsvrad.onion|8333|70016|/Satoshi:22.0.0/|1653825184|738419|None|None|TOR|Tor network
b5td3k7x2a3xd57eoyxxxszhriribigsqx4keupvhocsi7b6jzs2xfad.onion|8333|70016|/Satoshi:22.0.0/|1653825141|738419|None|None|TOR|Tor network
b6dk5ztjwh5nbc7iblniacajytf4wkxpjaehoc4ikequktmiyqffetid.onion|8333|70016|/Satoshi:22.0.0/|1653825121|738419|None|None|TOR|Tor network
b6na6gk2l3bx5tax4uytmffyy7ru5eli7vldru2xpbckwsh7rc6fk3yd.onion|8333|70016|/Satoshi:22.0.0/|1653825184|738419|None|None|TOR|Tor network
b7qvnmv6h66naqwqdyo6q6gwks64emiywbrk4atppxndo52wjvfri3id.onion|8333|70016|/Satoshi:22.0.0/|1653825431|738419|None|None|TOR|Tor network
bbeuy5roywy23txhr4lawj22xxjrgquc5uanrvbb7ftyg2rmhnz4jyid.onion|8333|70016|/Satoshi:22.0.0/|1653825383|738419|None|None|TOR|Tor network
bdkmexxanikk4lrrt2lqibbh7fmvvdk4moefxdm2s46wgs3efotuxpqd.onion|8333|70016|/Satoshi:0.21.1/|1653825174|738419|None|None|TOR|Tor network
benhewjypizlwtgfeh7ibl2v26hukzhqfztpgedk2cdc4jjzwhmjd7id.onion|8333|70016|/Satoshi:22.0.0/|1653825125|738418|None|None|TOR|Tor network
bepw7agjha34z64u6dd36awyjusk7vlm54n2jp5shvozgjcacqpg2zyd.onion|8333|70016|/Satoshi:22.0.0/|1653825150|738419|None|None|TOR|Tor network
bewix4sftqqzgcxxk5tept66zueu3a6qslp3tlfoqxofunlbpc7gzvid.onion|8333|70016|/Satoshi:23.0.0/|1653825124|738419|None|None|TOR|Tor network
bfslpn3lunjlx3pb4wrowvfwzce6zgtie4rcjprnf5ugcb5lrm4w4lid.onion|8333|70016|/Satoshi:22.0.0/|1653825434|738419|None|None|TOR|Tor network
bghfcbrewycbhjvt2uzn3cmcdq55xav3vcesgkucljum3efgg4iz4gid.onion|8333|70016|/Satoshi:0.21.1/|1653825436|738419|None|None|None|None
blg4r4frooo22io6wv3iowk63j6b6eskbqhibhcjoz5ipdyi7ebwdbqd.onion|8333|70016|/Satoshi:22.0.0/|1653825136|738419|None|None|TOR|Tor network
bme4ic24cvlqtzuisxqn7plyd3bbhkd2dlvgxwzwuoi4pmej25wypaid.onion|8333|70016|/Satoshi:22.0.0/|1653825377|738419|None|None|TOR|Tor network
bncsgjqozs73brwuqy6qxx2sa47ykunkzn6bbsdqb4dxoaxf2s7kihad.onion|8333|70016|/Satoshi:22.0.0/Knots:20211108/|1653825159|738419|None|None|TOR|Tor network
boxxyl5jugp34g7atmiiymuv3qggxpmd5j42tctnsty72arkgmirepqd.onion|8333|70016|/Satoshi:0.21.1/|1653825160|738419|None|None|TOR|Tor network
bruakp2ts7t6qpftbfxat4gdufaga3pbqsbua25qs2ywqvszyimkztyd.onion|8333|70016|/Satoshi:22.0.0/|1653825436|738419|None|None|None|None
bxv2eppziyxkom4gxfgqavabxuqjdfana7xmcwkoohl77ppem5744uqd.onion|8333|70016|/Satoshi:22.0.0/|1653825430|738419|None|None|TOR|Tor network
bykyem2bqrhskcdal5kvtfkznivv5k7jeg6nvjxm7afyb3louw2brdyd.onion|8333|70016|/Satoshi:22.0.0/|1653825157|738418|None|None|TOR|Tor network
c3qalnqjvnx75l5ljspwl7b7pdfvwjsuztvhf4a6suvbg3s6anmy42ad.onion|8333|70016|/Satoshi:22.0.0/|1653825433|738419|None|None|None|None
c4yi34jc3zcltcqmi7syio6ps67c3hhydi5gwj4raeiy4avcp5ueglad.onion|8333|70016|/Satoshi:22.0.0/|1653825183|738419|None|None|TOR|Tor network
c7avopgwjynqykgflvt67c6iwp3ehtzhsjt4sbpndjzvkx7qdpe5zbad.onion|8333|70016|/Satoshi:22.0.0/|1653825410|738419|None|None|None|None
cbgouaf2bg45hiuopqgub6doqtjsn7xmcuuakeuuvha6efemjtnly7qd.onion|8333|70016|/Satoshi:0.21.0/|1653825179|738419|None|None|TOR|Tor network
cddztju42ceuevwpmcoc27corvcfknp443r7pa5bx7psj7jix5ieevad.onion|8333|70016|/Satoshi:22.0.0/|1653825387|738419|None|None|TOR|Tor network
cdsjckbcbskmqzx3engiqq3kdxzm54w3wete4xugpxwy5ignwvr4dzad.onion|8333|70016|/Satoshi:23.0.0/|1653825164|738419|None|None|TOR|Tor network
ce5hrmwbvvobmc2rmp6yebxllxeyhtjdsnysg67ujqcmbwh3pwx7jaad.onion|8333|70016|/Satoshi:22.0.0/Knots:20211108/|1653825433|738419|None|None|TOR|Tor network
cg56kubrywumieyj5btfozqdvx7qt7j5twnhafpvu7snlqagrbxfkdad.onion|8333|70016|/Satoshi:22.0.0/|1653825372|738419|None|None|TOR|Tor network
cmkg35xwqxfutopst3hjundg2p4mkyyb7xt73voabvlh3gsoxlzghvyd.onion|8333|70016|/Satoshi:22.0.0/|1653825129|738419|None|None|TOR|Tor network
cqmclqgohughoccytpivyzh5hjr4mx3a67moyx7tpx2xijqx3capopad.onion|8333|70016|/Satoshi:22.0.0/|1653825434|738419|None|None|TOR|Tor network
crgsc6e4p2nauky7jwwc67j63kn4xylot6hlg4she3l4jirjfyedvxid.onion|8333|70016|/Satoshi:22.0.0/|1653825186|738419|None|None|TOR|Tor network
cuhhqw4n2q53jmne47bl7lcl5v42fyal7nlgv22pvcjoczxuuzt2zwyd.onion|8333|70016|/Satoshi:0.21.1/|1653825430|738419|None|None|None|None
cujlysmywjvumnwvy5ldbnrkzdnx5evss7o5ky2aunajg7ozdfprrwid.onion|8333|70016|/Satoshi:22.0.0/|1653825410|738419|None|None|TOR|Tor network
cvn3t5fsrlgwjoj2h7ytqn4lguutdfiawdosiyfh264oyou3asq6soyd.onion|8333|70016|/Satoshi:22.0.0/|1653825181|738419|None|None|TOR|Tor network
czgf5wi6tiyst5rcutgznak2qcbqwcm3jfzmvrm2dmkfz7qomnyel3id.onion|8333|70016|/Satoshi:22.0.0/|1653825382|738419|None|None|TOR|Tor network
czn44hsoaufyucqyy3zthfrq56av5qolvb647rt4ymfng4vqgen6ugid.onion|8333|70016|/Satoshi:22.0.0/|1653825180|738419|None|None|TOR|Tor network
czxhavkq5j5wcctt64qlmvo7nj4ya577l2ae3ohjq6rrklzxnbijo2id.onion|8333|70016|/Satoshi:22.0.0/|1653825165|738419|None|None|TOR|Tor network
d2wrfrfazkvx6sjfvfxvn2oisnewpsumovlnekxm2gkqi73pdl2gf7qd.onion|8333|70016|/Satoshi:22.0.0/Knots:20211108/|1653825164|738419|None|None|TOR|Tor network
d54g4vzfkvdsnblzzf4ax3ebihyytktmk5jou65uww5pjcmu6jk63kyd.onion|8333|70016|/Satoshi:22.0.0/|1653825179|738419|None|None|TOR|Tor network
d7x5a42hur6pvl6natoxtu3fbb547bx7xj5avlibft27pamrkmyyycqd.onion|8333|70016|/Satoshi:22.0.0/|1653825139|738419|None|None|TOR|Tor network
dbip2q4so6jq34vxu4uaeeiaq2xuqljnlfhpukgvbn4jq7vceic2xsid.onion|8333|70016|/Satoshi:22.0.0/|1653825141|738419|None|None|TOR|Tor network
dbvnbbospadt7tpfemn4w5xqu33zrjjhkdhd23pc2xcxwks6tkfsweyd.onion|8333|70016|/Satoshi:0.21.0/|1653825436|738419|None|None|TOR|Tor network
dehrwuyq752ooengcogl75moifn3436kt77ajxouicm3k6fcaocdzpad.onion|8333|70016|/Satoshi:22.0.0/Knots:20211108/|1653825184|738418|None|None|TOR|Tor network
detdkhl5v6xluskkzvtptlrp5ygf7mxqftgzpd2tqgvolvk7wewr4dyd.onion|8333|70016|/Satoshi:22.0.0/|1653825126|738419|None|None|TOR|Tor network
df72wyp67k3x3qsx6iam564ixkofjef2ixpkcxk6h4f5umiokkn752yd.onion|8333|70016|/Satoshi:22.0.0/|1653825381|738419|None|None|TOR|Tor network
dfrpf5p65dh3dlgmuhbhpy2by6tdhugimd7k5avbuuaimtxfily4veqd.onion|8333|70016|/Satoshi:22.0.0/|1653825164|738419|None|None|TOR|Tor network
dnhu5gfjr5zht3ssrugb67ulgm52t3uiqwxgexyd7y2hc33ya66pevid.onion|8333|70016|/Satoshi:22.0.0/|1653825436|738419|None|None|TOR|Tor network
don6q3e6s3wk4nbouikvtpe75az7wqmp2re7u7v5zp3sc3y6mpujdzyd.onion|8333|70016|/Satoshi:23.0.0/|1653825179|738419|None|None|TOR|Tor network
dv5hdiqbdjwcth6fxd7ix5x5a3k6tz4rdqf543l5hyvps2kathtvt4yd.onion|8333|70016|/Satoshi:22.0.0/|1653825178|738419|None|None|TOR|Tor network
dvotn4udyg3zzojym24m2ffd7zdavvq3uft6nhgpkc3q7qmwpkubllyd.onion|8333|70016|/Satoshi:22.0.0/|1653825438|738419|None|None|TOR|Tor network
dw7rshqxren6so6q7tvgyk64w2tbbn5wohtrz5kuwl2iqhkobytz4vyd.onion|8333|70016|/Satoshi:22.0.0/|1653825176|738419|None|None|TOR|Tor network
dykyzbqqzapzvpj3d4cii7qubqsr2755okc3jcqft6i5hhiphtdxnzyd.onion|8333|70016|/Satoshi:0.21.1/|1653825407|738419|None|None|None|None
dz63x6wgqrbuml27jqxzu7wchxambfzzn5yiuk3c4atrkxvyrkpgjrqd.onion|8333|70016|/Satoshi:22.0.0/|1653825125|738419|None|None|TOR|Tor network
e3wpmz2tpxyrf47mp365sswxkbwadrrkdixqj5eujnw7i2nq6bonijqd.onion|8333|70016|/Satoshi:22.0.0/|1653825196|738419|None|None|TOR|Tor network
e7osdhfwjuug57jtzbtzwh5lu2yptxstvhhhnbwnathd6odmt4sih4id.onion|8333|70016|/Satoshi:22.0.0/|1653825439|738419|None|None|TOR|Tor network
ebm5idhwymvzfputgmmojjx5qvj3xmrsp24q4km5e7r3enqkw6mkrlqd.onion|8333|70016|/Satoshi:22.0.0/|1653825383|738419|None|None|TOR|Tor network
ed3rrouijkrszu7z457g2ir2jmiptayuqeev5dxbunk7uhmkep7oc7ad.onion|8333|70016|/Satoshi:22.0.0/|1653825383|738419|None|None|TOR|Tor network
ed7lnhn7v73hkzxhnwppn54t3pn7indzoque6k4yuiavbvxsg2fu2hyd.onion|8333|70016|/Satoshi:22.0.0/|1653825413|738419|None|None|TOR|Tor network
eenk6zugafl3nxnuzemuq4rl2deezuakyfpwpbhjymgxytdur4za5pyd.onion|8333|70016|/Satoshi:0.21.1/|1653825436|738419|None|None|TOR|Tor network
epihhfwh6xaogq4tgjcmblhrrnwr2upqzexk72v36o4lxyjlk72w23yd.onion|8333|70016|/Satoshi:22.0.0/|1653825164|738419|None|None|TOR|Tor network
eqsmbpjaylpsrl7mecpyjuothnfnp5ldiz5nmvv6ngqcvh3tn2sc26qd.onion|8333|70016|/Satoshi:22.0.0/|1653825123|738419|None|None|TOR|Tor network
ettarl32cdc3mtxrzd456uwweghi4ug5pajj2rwshpt3lzlua7vxq4yd.onion|8333|70016|/Satoshi:23.0.0/|1653825158|738419|None|None|TOR|Tor network
eugt2p6ad7e6xgnl5wsvaeqewpc2unj5ke7kisewqvues2xxtsv2d3ad.onion|8333|70016|/Satoshi:0.21.1/|1653825126|738419|None|None|TOR|Tor network
eyo5xlyek43ptrdi3bgwof45emr6pzh72acxh6okbrii2yrrwjkzpbid.onion|8333|70016|/Satoshi:22.0.0/|1653825371|738419|None|None|TOR|Tor network
ezeflfhrrlsld5vwjk7xidqk76akbec335pkum74sv45u2bxv5nzvuqd.onion|8333|70016|/Satoshi:22.0.0/|1653825384|738419|None|None|TOR|Tor network
f27pdakzqspeejcn72m476yv6gttkn443teca3f47mzaw3s4fu2j2zqd.onion|8333|70016|/Satoshi:22.0.0/|1653825430|738419|None|None|TOR|Tor network
f3ji6yud2b67cc6dgpsi4kwt5vpnkzc2ythtly6riwvh2gap3ucvqgad.onion|8333|70016|/Satoshi:22.0.0/|1653825142|738419|None|None|TOR|Tor network
f4rtyf3ry23s23zi7f4qfuygi4zfs43ucm7ugjba4akmvuszmxcb3ayd.onion|8333|70016|/Satoshi:22.0.0/|1653825388|738419|None|None|TOR|Tor network
f4t37phy3kmsvmgro3geg3bvcj7v3ivq3lwvfvbs3dmbt74gsabhsvyd.onion|8333|70016|/Satoshi:22.0.0/|1653825122|738419|None|None|TOR|Tor network
fbn625t3emmwqauzwg4ff7n3mxpofegu2zszyudq5f5lvswa2q5zahid.onion|8333|70016|/Satoshi:0.21.1/|1653825125|738419|None|None|TOR|Tor network
fdrcw6gcxu7r66jqd7pdurfoh2ivauzq3d3h3dg2eyzczjddnvcrwfqd.onion|8333|70016|/Satoshi:22.0.0/|1653825179|738419|None|None|TOR|Tor network
fiwimlwli5gvfcyqhy64qmmcxv76boac6idlufxxclhlnddykny7xsad.onion|8333|70016|/Satoshi:22.0.0/|1653825411|738419|None|None|None|None
fkpgp3jhdwbrfjfnl2gdiurfgj2h3ytczo4yx7wckrhfw2okgoqugwyd.onion|8333|70016|/Satoshi:22.0.0/|1653825409|738419|None|None|TOR|Tor network
flnjjcxicban4npf4quql252y54uka7b6xi77lpseqvssxr2iykumwad.onion|8333|70016|/Satoshi:22.0.0/|1653825373|738419|None|None|TOR|Tor network
flpps35tkgqfh22ql3thrftbsnsd3jlra3hztpwulxgng7tmzu47w4yd.onion|8333|70016|/Satoshi:23.0.0/|1653825435|738419|None|None|TOR|Tor network
fnvaigcoce5qsduvqvvjvoqzqtlm7dib3zo5pvcujbdvpguvarcdsnad.onion|8333|70016|/Satoshi:22.0.0/|1653825124|738419|None|None|TOR|Tor network
frcg34wy354jctwe2s2dfq24v7sjaeprvrohbccczur44e3ft4kknbqd.onion|8333|70016|/Satoshi:22.0.0(RoninDojo 1.13.0)/|1653825137|738419|None|None|TOR|Tor network
frkuvsnqhgsu47mo4qztu5sumg5w5jxle5gxssg5ep767uiccdp5dkid.onion|8333|70016|/Satoshi:22.0.0/|1653825434|738419|None|None|TOR|Tor network
g3waie4qe2btvko3fjxsngx52jx6pgb4qotf3smmp6bfy3ypvyuqsjyd.onion|8333|70016|/Satoshi:22.99.0/|1653825434|738419|None|None|TOR|Tor network
g42zlafwxjevaryi4aljxvnyapz64filmlu6hiuq4gxafioqcc5wwdqd.onion|8333|70016|/Satoshi:22.0.0/|1653825181|738419|None|None|TOR|Tor network
g4j5ahtgup4jskfkvfehkljcnzp72r74k2nqzr6diazuywqqer5fsfqd.onion|8333|70016|/Satoshi:0.21.0/|1653825142|738419|None|None|TOR|Tor network
g4tievxbf6snxjvdtr35e6qllwhuevt65wmpvicztklsuonvqga3tyyd.onion|8333|70016|/Satoshi:22.0.0/|1653825138|738419|None|None|TOR|Tor network
gatdctzayauyen527e6bw4chkmqzml56k2xauo4xgeaot2eyry5gz5ad.onion|8333|70016|/Satoshi:22.0.0/|1653825128|738419|None|None|TOR|Tor network
gh3itlmw222rqf5tekxr3qnr2p2nc7xyf2ktrrga6w2g2ow4oigeltad.onion|8333|70016|/Satoshi:22.0.0/|1653825178|738419|None|None|TOR|Tor network
gjv7rs2zp22ran265mqsvne2mv2omul7jp6kabvjtibaw73qlvnjfyad.onion|8333|70016|/Satoshi:0.21.1/|1653825167|738419|None|None|TOR|Tor network
gkhgg7m5iiyyszm7atk6vm4gsjnkfd7ndlpgj5iapr6depetsd7i7sad.onion|8333|70016|/Satoshi:22.0.0/Knots:20211108/|1653825122|738419|None|None|TOR|Tor network
gmwzrbeebfyetopynm6cvaudpfijs4sxbk47i452bciqmisaqtibhdid.onion|8333|70016|/Satoshi:22.0.0/|1653825431|738419|None|None|TOR|Tor network
gsc56ui3jx6afoem2d5askwcssugumsswcfjuwimmkxoyrb7c3pjcbqd.onion|8333|70016|/Satoshi:22.0.0/|1653825410|738419|None|None|TOR|Tor network
gskibj4z6ovx47fd5mlwhgang6qlnyotyvcknmadtjwjxtjpqg5yz2ad.onion|8333|70016|/Satoshi:22.0.0/|1653825410|738419|None|None|None|None
gszcppdyxzld2a56hyr3pqqhsxhl673kbhkgmcmc24kut6njcm2p43qd.onion|8333|70016|/Satoshi:22.0.0/|1653825156|738419|None|None|TOR|Tor network
gthukv2gcnx62dtwbxvefrlix2zbdntb2mdaifvjo3ojfg5j4xuqaqyd.onion|8333|70016|/Satoshi:23.0.0/|1653825161|738419|None|None|TOR|Tor network
gu4t2gi3hwy2ysn6lmxy6ic2ppbly3onox7saxigpkmr4rzcrptndtqd.onion|8333|70016|/Satoshi:23.0.0/|1653825187|738419|None|None|TOR|Tor network
gu5ukhv55dm5jm2wncn3huuf2eyoiu7udjwavfpgxqap2mfpayuc5xqd.onion|8333|70016|/Satoshi:22.0.0/|1653825409|738419|None|None|None|None
gvbe74hlggclme2fk3dw2it3ocvnsrpwyh7vnnu4lhwgrujv4aydl6yd.onion|8333|70016|/Satoshi:22.0.0/|1653825153|738419|None|None|TOR|Tor network
h3qee3oj5vmd7qudvbih52e3weyehzbp46ejwcgzltixkrucoylvdvqd.onion|8333|70016|/Satoshi:22.0.0/|1653825383|738419|None|None|TOR|Tor network
haogbibmxk4k3aezjqfrowtmhko5hgs2zl7s2esbqqqbz2bkc2s3buad.onion|8333|70016|/Satoshi:22.0.0/|1653825164|738419|None|None|TOR|Tor network
hbgfc334pfukirhkcnpvtgnvkcxg7cxkly3eqwmawmw3rfmlbnylmnad.onion|8333|70016|/Satoshi:23.0.0/|1653825417|738419|None|None|TOR|Tor network
henmjmdesk3qom5eflykqiimvvf5coqx5pyuvg5rmuthrezrei2rlxad.onion|8333|70016|/Satoshi:22.0.0/|1653825433|738419|None|None|TOR|Tor network
hfbab3wuc7wa5pbh5tloo5cvsycuhgwejfmzyrzrbqvpu7o77jlu5fad.onion|8333|70016|/Satoshi:22.0.0/|1653825427|738419|None|None|TOR|Tor network
hfjoqqmue7hpjgc64lwqxiveepz224f4e5ag5flaovdwb5q36upsogid.onion|8333|70016|/Satoshi:22.0.0/|1653825410|738419|None|None|TOR|Tor network
hglolpur7ffhwpm67kj2dgms6teigql4hdvzy3lequshilzgrawjj3qd.onion|8333|70016|/Satoshi:22.0.0/|1653825381|738419|None|None|TOR|Tor network
hj7w6kzeadlgp4l62v4rkf4od5gmbpzeosm5olmzeom7tv3nwvqhpeqd.onion|8333|70016|/Satoshi:22.0.0/|1653825433|738419|None|None|TOR|Tor network
hlcoisik6mlwnat3wbwfntkeh32yhymhq52tgo23bivrkuq2lmaqmxad.onion|8333|70016|/Satoshi:22.0.0/|1653825381|738419|None|None|TOR|Tor network
hmmwizdohuspkv26xqu57ef32vsrcylcc5jkvbtnqpf4qmmaikp5quad.onion|8333|70016|/Satoshi:22.0.0/|1653825182|738419|None|None|TOR|Tor network
htm5aifecqlxvar7puhxq2nplghfk6xr7mfcv5q5uwqtav464p2asxqd.onion|8333|70016|/Satoshi:22.0.0/|1653825159|738419|None|None|TOR|Tor network
hue5bj76twpk7fpdhr7oqbcqvzboeqh7pdmocfuuoyenjiafmmvlx6qd.onion|8333|70016|/Satoshi:22.0.0/|1653825141|738419|None|None|TOR|Tor network
hx5ic3d6xkbihdzlmohd5cjcv6k253oj4nqr5y7hwggtfxz66tpviwqd.onion|8333|70016|/Satoshi:0.21.2/|1653825159|738419|None|None|TOR|Tor network
i2fqgjkufptgjg6kqt3pjn3blb54e6wmfph35penejfumw473ryhubqd.onion|8333|70016|/Satoshi:22.0.0/|1653825118|738419|None|None|TOR|Tor network
i3i64pnsf2h55dpq6xyxtj673fqbho5nchhegtyi32tdzsm2yjmpv3yd.onion|8333|70016|/Satoshi:22.0.0/|1653825184|738418|None|None|TOR|Tor network
i4ek6uje4fokyuweir536m4di7owhn7gxpi5jczkygeqtyjdl5rhs5yd.onion|8333|70016|/Satoshi:0.21.0/|1653825142|738419|None|None|TOR|Tor network
i4igru7xnld4vspycjgpn3ueoshxpz2636cdxlhan64wbsyf5uu66gqd.onion|8333|70016|/Satoshi:22.0.0/|1653825187|738419|None|None|TOR|Tor network
iaczprhoaqdgbl5ohibrkjwnmvntunlk74y22jzxyarbhuliw66wcwid.onion|8333|70016|/Satoshi:22.0.0/|1653825160|738419|None|None|TOR|Tor network
ibkrrsyp6vav27ty2bguat5bn6iawdzfu5qz3765rjtz5p4pz7ctmiid.onion|8333|70016|/Satoshi:22.0.0/Knots:20211108/|1653825181|738419|None|None|TOR|Tor network
idp4e5lalnmoccy5e7otsu5qmb45rkatfvtcrro2t4nm4jahomaljiyd.onion|8333|70016|/Satoshi:0.21.1/|1653825184|738419|None|None|TOR|Tor network
idr2g7teqbfc2akxqjtjj77ynmpfee4wpfogzrjarxvseghgjumkt7ad.onion|8333|70016|/Satoshi:22.0.0/|1653825110|738419|None|None|TOR|Tor network
ihqqbfyg6fjhdervca7vakedggdfhgmf5joovsvyp7uqnr76nqsmsoyd.onion|8333|70016|/Satoshi:22.0.0/|1653825438|738419|None|None|TOR|Tor network
ipplfvtcqv42ie5jxbi77f66t4sx564bmydhh6iyc5iqprf6cj3xixqd.onion|8333|70016|/Satoshi:22.0.0/|1653825137|738419|None|None|TOR|Tor network
ix6ex2npbdoohrj3l23ykom7vnnuzs36qxkguf6y6oylbpph3l4n6jqd.onion|8333|70016|/Satoshi:23.0.0/|1653825184|738419|None|None|TOR|Tor network
izjjbnzp6bc3x42xvmrvj5aineo4v7zucjiop7rx7t4qu2o6m2jy5fqd.onion|8333|70016|/Satoshi:22.0.0/|1653825158|738419|None|None|TOR|Tor network
j2vdpgclwdtfahnoy53zwafntemspoz63n4fluy7dkeyk6ehgqe4u6ad.onion|8333|70016|/Satoshi:0.21.1/|1653825427|738419|None|None|TOR|Tor network
j4fnve2k5enn3vimv4ko6nbcd2use46mgqorndnyamle5cswhzxnkrad.onion|8333|70016|/Satoshi:22.0.0/|1653825138|738419|None|None|TOR|Tor network
jefmttpjs24iwmf6femq53kttn7tnvp42hikkqzdebxmz3p3fct3jfad.onion|8333|70016|/Satoshi:22.0.0/|1653825184|738419|None|None|TOR|Tor network
jefxbqhwhijsmxz4iczf4mqo2idlwycvngzmoebkdn6zu42jg2smymid.onion|8333|70016|/Satoshi:22.0.0/|1653825375|738419|None|None|TOR|Tor network
jeshqtm6wutaxukwapaewj5praa5hmrxa4qx7fwxxsywfg3udrv4aoid.onion|8333|70016|/Satoshi:22.0.0/|1653825134|738419|None|None|TOR|Tor network
jgcubktn36v4di46m4zqdh36uxgb55y3o5ij45t5m2sucrcoo5zc3nyd.onion|8333|70016|/Satoshi:22.0.0/|1653825185|738419|None|None|TOR|Tor network
jnv5ydoelh25u5zdaidgqodseavn5mq3x2wvuo5xcpgtpetvmkwpysqd.onion|8333|70016|/Satoshi:22.0.0/|1653825184|738419|None|None|TOR|Tor network
jogv46la2tfuebe3cww2xicml4f2xzjz7dwymejfzfbwo5vkgijziuyd.onion|8333|70016|/Satoshi:22.0.0/|1653825407|738419|None|None|TOR|Tor network
jojmh3acvee5o47os2jax37ntfwxbex5h652mpzwyh2n4h6f25ktz7ad.onion|8333|70016|/Satoshi:22.0.0/|1653825116|738419|None|None|TOR|Tor network
jowamd4mpucaf4ttijozaus7lgih6eeuflyr7somlqpiwpaoyvze3nad.onion|8333|70016|/Satoshi:22.0.0/|1653825433|738419|None|None|TOR|Tor network
jpo6ozowdd5hqj3ptp3nh6zrdwseeucztopczfxhvx7sec6dx3saqfid.onion|8333|70016|/Satoshi:22.0.0/|1653825436|738419|None|None|TOR|Tor network
jqrso2m6lit2f3jxhtsp22wbsg3dzkfdel7xbzsndbm42gowyjwentqd.onion|8333|70016|/Satoshi:22.0.0/|1653825168|738419|None|None|TOR|Tor network
jqxl3li2wo43pfdtfoitmosrmiwdhphucn37na4gfcgrbq4unjmxsjid.onion|8333|70016|/Satoshi:22.0.0/|1653825147|738419|None|None|TOR|Tor network
jri2tdt33iqaaafbl6yjum3op6hp3igpmotype6w37hyl5ladokxowid.onion|8333|70016|/Satoshi:22.0.0/|1653825184|738419|None|None|TOR|Tor network
jvunab2uxafpg62wto5qvrjp6rfbthuermnljjwquhuad2afunbzeuid.onion|8333|70016|/Satoshi:23.0.0/|1653825180|738419|None|None|TOR|Tor network
jxbae2kukh2bkehbarwqn6hcxjap6ynfkr6rcjd7wsnj2iw42phtoxad.onion|8333|70016|/Satoshi:0.21.0/|1653825437|738419|None|None|None|None
jxx7qqaf6emd5pivbaxmpzujm326af4s5behi4ng5dfi5xxochub3jyd.onion|8333|70016|/Satoshi:22.0.0/|1653825378|738419|None|None|TOR|Tor network
k4izp4koqmpnsj2wkl76jdp4ywxny62p2blqyz74imgeknrxdunlqeqd.onion|8333|70016|/Satoshi:22.0.0/|1653825132|738419|None|None|TOR|Tor network
k63mymndaattilhxmed5v54bl3jf5z5noun2kaf4zdplvw4vazgs3cqd.onion|8333|70016|/Satoshi:22.0.0/|1653825434|738419|None|None|None|None
kbajsgggamandis43e3b7mn57tyypwp5jw3ngesfg2l32df2vic4alid.onion|8333|70016|/Satoshi:22.0.0/|1653825137|738419|None|None|TOR|Tor network
kbw5sp7f6gtz7vadxqrs5u4xdqnw3jsagp356ynv66kvbpv3fgpsktid.onion|8333|70016|/Satoshi:23.0.0/|1653825166|738419|None|None|TOR|Tor network
kcj5uqkzolbkby6r4h4l45khb2an4jlljr7zzklvugso3wcj3pcfcdyd.onion|8333|70016|/Satoshi:22.0.0/|1653825120|738419|None|None|TOR|Tor network
kfikuyjmtdco3ts4jfwpmyqt6jsnj2aqqggm6tr67sjut4g6j7ygxzid.onion|8333|70016|/Satoshi:22.0.0/|1653825383|738419|None|None|TOR|Tor network
kl7un6qbm2swpx52eubcic6gcpjxiiskzgmupraof5jdrbzb4grejaid.onion|8333|70016|/Satoshi:22.0.0/|1653825110|738419|None|None|TOR|Tor network
klvv4zb55m26n64f3umykdt7bogy2v2ey2kqshbgqs7qnwol5bs33sad.onion|8333|70016|/Satoshi:22.0.0/|1653825180|738419|None|None|TOR|Tor network
kp4fixbqf2mrlniw4l7c3mgpakacr76xvoy4qgc6kpyfwenkff3yr4qd.onion|8333|70016|/Satoshi:22.0.0/|1653825434|738419|None|None|None|None
kpmrrpkfho3js5h2vtxdmj2zmffmys7ffrx4v6s3jraggvcmksrrw5qd.onion|8333|70016|/Satoshi:0.21.1/|1653825407|738419|None|None|None|None
kuxnhhlvmypvodisne2wbov75wllspw7li3olqworz4r5rdvltaufmyd.onion|8333|70016|/Satoshi:22.0.0/Knots:20211108/|1653825413|738419|None|None|TOR|Tor network
kxwlbb6lirepc5vevnvdudde24yjki2xzaiixbys5rmv77ikyaroalyd.onion|8333|70016|/Satoshi:22.0.0/|1653825139|738418|None|None|TOR|Tor network
kzaraw7u5uwf5m5qkfg2pvlisctukg5uymmdmwdc3qlikevljolpdoad.onion|8333|70016|/Satoshi:22.0.0/|1653825388|738419|None|None|TOR|Tor network
l3fnhyjrhrfu2viyy73inmu2i5xr4hrprpgd5oagtpqd2lecxwu52vid.onion|8333|70016|/Satoshi:0.21.0/|1653825182|738419|None|None|TOR|Tor network
l3hrnmof5do67kphdojxezud7gtpruatpxeilxzdpb6qxt2xfgkrxjyd.onion|8333|70016|/Satoshi:22.0.0/|1653825165|738419|None|None|TOR|Tor network
l6hbnurwljoaxtp5zvpt3ffva6am26qmcgcuwzl633ibgadfip2yq6yd.onion|8333|70016|/Satoshi:23.0.0/|1653825433|738419|None|None|None|None
l6yc5jm7kvezh4chjlkvtiwfjzl3maep4wrvh6ycedqv2raz7xzxqgyd.onion|8333|70016|/Satoshi:22.0.0/|1653825146|738419|None|None|TOR|Tor network
lfc6wvu4or7ywmtv5piowgbfgbcrtubva323dsoo5a4lxqi73lxemwad.onion|8333|70016|/Satoshi:0.21.0/|1653825436|738419|None|None|TOR|Tor network
lizmefe3njrrelmdzynyhhtye2jiffh42x277xysq7zqbevcfkyphcad.onion|8333|70016|/Satoshi:22.0.0/|1653825145|738419|None|None|TOR|Tor network
ljzh6o7trnepjc2frxrwefqb36rnb2fcmkd6zfrxhbgc2or6pli3mmyd.onion|8333|70016|/Satoshi:22.0.0/|1653825407|738419|None|None|TOR|Tor network
lnc4c4fxe57y736ppk66vugpjph6pjp6x7pnqctoucosrqpfwb72cqyd.onion|8333|70016|/Satoshi:22.0.0/|1653825182|738419|None|None|TOR|Tor network
losoeg6l7myntbngzkhqokrmvw55bkdly46mp6q6amy2somohmqqghyd.onion|8333|70016|/Satoshi:22.0.0/|1653825184|738419|None|None|TOR|Tor network
lpmckbfamne3vztq7klehw53jjw4lf53yawuvgxtttiktggawyujlnid.onion|8333|70016|/Satoshi:22.0.0/|1653825195|738419|None|None|TOR|Tor network
lpmuyhgalcd635koms4n5carp5fwp5rf7h64iqojvfgm35xlhy7ag4yd.onion|8333|70016|/Satoshi:22.0.0/|1653825361|738419|None|None|TOR|Tor network
ltubirckkms6ihvyprjucj56fsqkrns6szniimwarwhsi2aolx5quvyd.onion|8333|70016|/Satoshi:22.0.0/|1653825178|738419|None|None|TOR|Tor network
ly55nvdxnrsftaildcnu3wy2lnd32jukh5cgjcsxdlqpln4ngvw5qoqd.onion|8333|70016|/Satoshi:22.0.0/|1653825178|738419|None|None|TOR|Tor network
m3dtx6h7rpqh33r2tvsvoncjulvfjqtzr4pdgtyy5a75war4gp24koad.onion|8333|70016|/Satoshi:22.0.0/|1653825138|738419|None|None|TOR|Tor network
m5beg6y5giei5cypx2rexxupwwuzxljmpel4w52e2aslmy7smuiicyid.onion|8333|70016|/Satoshi:22.0.0/|1653825433|738419|None|None|TOR|Tor network
mbwtfbrywryvc64tl67qdjp6ua4xvnvkps2e2rdneqy2nrwsvyx6oqad.onion|8333|70016|/Satoshi:22.0.0/|1653825137|738419|None|None|TOR|Tor network
mckuo737evblbe5fw7oblrbob2o5j7kjk6bxbl3c7x3r46efwwgndkad.onion|8333|70016|/Satoshi:22.0.0/|1653825178|738419|None|None|TOR|Tor network
md3vskofydgnktvzdfwtntg7mubxb6ye3vmvzrlxkbf5teqrchufy6id.onion|8333|70016|/Satoshi:22.0.0/|1653825378|738419|None|None|TOR|Tor network
md52njd53vjze5qpmesr53ejt2vnwxvnwfyac6czkxyhzg3lhlez4kad.onion|8333|70016|/Satoshi:22.0.0/|1653825435|738419|None|None|None|None
mding5pynls35aj3rlk6avugsfnghru3c4qyup5e3rmmalkqa5b7xiid.onion|8333|70016|/Satoshi:22.0.0/|1653825381|738419|None|None|TOR|Tor network
mebpvgs6jcwamgufwna4jsmgna3s4je4c4a7mhmhbgq2ax6klacghtqd.onion|8333|70016|/Satoshi:21.99.0/|1653825435|738419|None|None|None|None
mf4ylwshmdbn34qxwop4q2325o5snov4tyuwu2byv3sa24qokmtdlaad.onion|8333|70016|/Satoshi:23.0.0/|1653825437|738419|None|None|TOR|Tor network
mjghssgapi6wnzvwsbsbn4ucy2nfon5f5aq7sjflrlpwbfghxtsvnxad.onion|8333|70016|/Satoshi:22.0.0/|1653825185|738419|None|None|TOR|Tor network
mk6nm4utf3wxcwrquw7vqg4ij3scodh4pd5pz3kh44ddeyieqbqa6kid.onion|8333|70016|/Satoshi:23.0.0/|1653825435|738419|None|None|None|None
mkrstv3mxo4hm2ekaxwvrvx5542xzi2lfpb7h2hppyvyvjh7g7hy75yd.onion|8333|70016|/Satoshi:22.0.0/|1653825134|738419|None|None|TOR|Tor network
mlkf24fg3a5jvr6cnbh3lczfllz6nmrcarixjru6g5u5lcebn4ziauqd.onion|8333|70016|/Satoshi:22.0.0/|1653825125|738419|None|None|TOR|Tor network
mlpmi37u2irn5c5zslaiy36nbkklw6c5t32t43hmxlc7sigphe3xvoid.onion|8333|70016|/Satoshi:22.0.0/|1653825116|738419|None|None|TOR|Tor network
mmmzbmj5rdsn56iwps4i6gie4ovsgmfpsqhuwseqcusqbrf5b2gq7vid.onion|8333|70016|/Satoshi:0.21.0/|1653825433|738419|None|None|TOR|Tor network
mmx3awlb34tsxgc7yaow5opy5wlmx6e32soexosykwrfrbaofmknklid.onion|8333|70016|/Satoshi:22.0.0/|1653825179|738419|None|None|TOR|Tor network
mqjy4rugyxyltfchfwscywbmag6pnktdvu2gl43st3enkkv5npspmrid.onion|8333|70016|/Satoshi:22.0.0(RoninDojo 1.13.0)/|1653825184|738418|None|None|TOR|Tor network
mr2leqi4mrbnpwbd3hv552x7z4pfvykwtit2hbtmacfn3s4nge6ksiad.onion|8333|70016|/Satoshi:22.0.0/|1653825137|738419|None|None|TOR|Tor network
mslnefbb6gddcfvbbsmsby6ct435jawfde76jw6sh2bo6chrfl742rqd.onion|8333|70016|/Satoshi:22.0.0/|1653825363|738419|None|None|TOR|Tor network
mtifm7eq2hytascvlj2drq7ril5zqdunz3jppjj57gubqxme5p2or2qd.onion|8333|70016|/Satoshi:22.0.0/|1653825410|738419|None|None|TOR|Tor network
mu53emvmfnobe2klksmxjkjeqaqlcpw7ag63nxbpdront5jlw773ruyd.onion|8333|70016|/Satoshi:22.0.0/|1653825140|738419|None|None|TOR|Tor network
mud6dvgnau6ww5o464n22jp6levlagzhnr2o2mecsoazjal64t2pu7qd.onion|8333|70016|/Satoshi:22.0.0/|1653825383|738419|None|None|TOR|Tor network
muhomrbu4r6te5xnbynitezrssjfium2oukf672broxuqzu5tbpwdyid.onion|8333|70016|/Satoshi:22.0.0/|1653825184|738418|None|None|TOR|Tor network
mvyoqsi6ajika4whmfnsfxhnylxqylo457ghrodnmnxetwka7mccasqd.onion|8333|70016|/Satoshi:22.0.0/|1653825182|738419|None|None|TOR|Tor network
myadg2cqmgtbgjtzvjl23xlklknigzewgddys3cfyfnmomdidfta4mid.onion|8333|70016|/Satoshi:0.21.0/|1653825165|738419|None|None|TOR|Tor network
n4lcuqsdldm42rayk5j64tinxy7oqqxapk73kk5m3tkhzf6njxjeqzyd.onion|8333|70016|/Satoshi:22.0.0/|1653825126|738419|None|None|TOR|Tor network
n752lyelr75a32gt6pjvwefzcqrteaolge7vetu5roegvw4mkdr3x7yd.onion|8333|70016|/Satoshi:22.0.0/|1653825157|738419|None|None|TOR|Tor network
nboa2n3mrxf74vxlvovphmgpe7ssg46wiemtt5begoroijuwy5aphmyd.onion|8333|70016|/Satoshi:22.0.0/|1653825126|738419|None|None|TOR|Tor network
ng2w3a5dmmoxhptigsot2vqcnklw35rnutbv6h5grjjzcmhg4hd4ccid.onion|8333|70016|/Satoshi:22.0.0/|1653825382|738419|None|None|TOR|Tor network
nkz5czphoyrvzhkijwopwda22ywfzknqhhkqksuhs2nublo5lwgmkbyd.onion|8333|70016|/Satoshi:0.21.0/|1653825141|738419|None|None|TOR|Tor network
nlhb5q7ycfqk6xab4jmz52qlillioxnbzfptmx5hlbt5a3hqdjg4npqd.onion|8333|70016|/Satoshi:0.21.1/|1653825117|738419|None|None|TOR|Tor network
nlnd4zkgg5s6lz4mhmfgv2hfizeytfjv24emqkvse6ooxjeq5fhbudqd.onion|8333|70016|/Satoshi:22.0.0/|1653825377|738419|None|None|TOR|Tor network
nn65dc2xg6bvqwsgxgpfti2ewd7m7msv2rnoht2xolpuuq3xthrw3bid.onion|8333|70016|/Satoshi:22.0.0/|1653825179|738419|None|None|TOR|Tor network
nqwkzwwnw3yadiowkylcdm64ipiixzx2hxj4onlupbpnfxz7cqufnuad.onion|8333|70016|/Satoshi:22.0.0/|1653825146|738419|None|None|TOR|Tor network
nswwqik23ualk6kyapctwji2aoplauc7l6dkyf4h4unq6u6jsoehykqd.onion|8333|70016|/Satoshi:0.21.0/|1653825184|738418|None|None|TOR|Tor network
nva6nq56ifrjyaoac23e4hin3fpxrhm3ka54zcndj64altgr3z24wqid.onion|8333|70016|/Satoshi:22.0.0/|1653825192|738419|None|None|TOR|Tor network
nviz6s5kan4kdoknzqllnrytnu2hz55jdh34iotimr4nnrguqzdx3gid.onion|8333|70016|/Satoshi:22.0.0/|1653825137|738418|None|None|TOR|Tor network
ny64dsdtcymckrn65yaoy232em7nnzxwh3i22fg3bmxth74hy4fhjsqd.onion|8333|70016|/Satoshi:22.0.0/|1653825119|738419|None|None|TOR|Tor network
o4app6vnhcuobhjbzev7tvtqxyutspmpmhh2dz6s2b2igdulprri5yad.onion|8333|70016|/Satoshi:23.0.0/|1653825408|738419|None|None|TOR|Tor network
o6y5zzf3ce3ilu5n2h267k23644fadaxxxdyy25opnxh5fjykc36ofqd.onion|8333|70016|/Satoshi:22.0.0/|1653825400|738419|None|None|TOR|Tor network
o7l4lwyovivnrtawffcgjtul3sq6opthk2f2p42vyxgufmhv447ceyid.onion|8333|70016|/Satoshi:22.0.0/|1653825141|738419|None|None|TOR|Tor network
o7l6uxj5xqiqthdl34y3jm4cdzfhlujgcoep3fbka5g4kwbq5cuzqxad.onion|8333|70016|/Satoshi:22.0.0/|1653825146|738419|None|None|TOR|Tor network
oac2gbdczjr6akmqygkjwtosecf3sygxlddd4jom4dnzesjlntim77qd.onion|8333|70016|/Satoshi:23.0.0/|1653825387|738419|None|None|TOR|Tor network
oe5qta6r6stk7qmxgidqdhyuk34kprwdl6lrg2wkq7bbc6xqocr7jeqd.onion|8333|70016|/Satoshi:0.21.1/|1653825433|738419|None|None|TOR|Tor network
oedwdrs7gsn35ly76pv5pnnb77qunbb7pzu6pyw7grpl3vlodctqb4yd.onion|8333|70016|/Satoshi:22.0.0/|1653825124|738419|None|None|TOR|Tor network
oeob2jrrvhcbqgeya6khwbdqgybggc2ieqcvatv7zmoep2in2vgzkxyd.onion|8333|70016|/Satoshi:22.0.0(Samourai Dojo 1.15.0)/|1653825434|738419|None|None|TOR|Tor network
of7r25jjsixyj7ghyis6kvlkrgrvzcsvdo2vwt5fwahctokocs34myad.onion|8333|70016|/Satoshi:22.0.0/|1653825141|738419|None|None|TOR|Tor network
ofa7qhlgl5jytdgcuvqi7mdefbi5kcfm3vfpxazf5o6pgzhlfkoi6pad.onion|8333|70016|/Satoshi:22.0.0/|1653825184|738419|None|None|TOR|Tor network
ofthmysaxjlgdx5tu4t6jwsgymeubj6drhhjh55mvbmrembjyfvlstad.onion|8333|70016|/Satoshi:22.0.0/|1653825142|738419|None|None|TOR|Tor network
oj537dsxusqrcwuntcs7lyipjx2msvabkefggugdrgpwkjtglkm5x4qd.onion|8333|70016|/Satoshi:22.0.0/|1653825163|738419|None|None|TOR|Tor network
okzojvxdynllvk67d2zrvpprmlzvzy5vpffdg7icpzzncsc6a67zs7ad.onion|8333|70016|/Satoshi:22.0.0/|1653825132|738419|None|None|TOR|Tor network
oljs2l2kvfch35p25it25ekclqcvsw7xvsjejvjbbuk22kfpgg2piyid.onion|8333|70016|/Satoshi:22.0.0(RoninDojo 1.12.1)/|1653825407|738419|None|None|None|None
oo2xiapvl653fmrksdbmbh7qkdkdea6hlbe66mw2y4kmxh6sumszoyyd.onion|8333|70016|/Satoshi:22.0.0(RoninDojo 1.13.0)/|1653825410|738419|None|None|TOR|Tor network
oqix7yhfj4p3mrdovh5qkwk2yrnfp7ivcfel3hv4t57csahsp5nf3aad.onion|8333|70016|/Satoshi:23.0.0/|1653825185|738419|None|None|TOR|Tor network
ot4x7s42xbxwaast2ghx4uyau34pt3x73cljwkadu55laqrlpqnqowid.onion|8333|70016|/Satoshi:22.0.0/|1653825141|738419|None|None|TOR|Tor network
oug6tdrhxzck2bxiepbkg4qhrukbgvcrkqxxxvqo5cdslqnpx7tp5myd.onion|8333|70016|/Satoshi:22.0.0/Knots:20211108/|1653825179|738419|None|None|TOR|Tor network
oxkhogxzvkklund4k6pksilx7gxlnjdiiitqtu7yslyrnq5rdoeo4xyd.onion|8333|70016|/Satoshi:22.0.0/|1653825396|738419|None|None|TOR|Tor network
oxsmdbxwwhaagyplfzxebgqzjkovrxnnc24inx7clqbkoekqrp4uiqqd.onion|8333|70016|/Satoshi:22.0.0/|1653825180|738419|None|None|TOR|Tor network
oyu2u5jae35whgfusqry77zah6aric6zv4bgsjr4fexbet5ogvphbzqd.onion|8333|70016|/Satoshi:22.0.0/|1653825134|738419|None|None|TOR|Tor network
oz35h6wdeg4eop3rpxkdab64lr4xgzf67vzopsysg3hthafnsy3gr2qd.onion|8333|70016|/Satoshi:22.0.0/|1653825163|738419|None|None|TOR|Tor network
p4dbb5h65y56dcauwtgnfdvcyyjnfuggjzisxvvlamtqv7ekvwln2jyd.onion|8333|70016|/Satoshi:0.21.0/|1653825433|738419|None|None|None|None
p7mrq3xq2z3o6wohs76bgpycsg5gmachj2i5hyktweacdzsemiojy5yd.onion|8333|70016|/Satoshi:22.0.0/|1653825184|738419|None|None|TOR|Tor network
pcnsglfqaihzbdobmsvweos5klsongnvfsayp3auvgoamiz65rqh24yd.onion|8333|70016|/Satoshi:22.0.0/|1653825179|738419|None|None|TOR|Tor network
pct4kt2q7jxp7rim3xglylag3g2dworxp6lhaqkv6uyo2qq5xmi2qdqd.onion|8333|70016|/Satoshi:23.0.0/|1653825159|738418|None|None|TOR|Tor network
pdrwalfhdfgslzxr2zczso7s7htkfema37sq4lexjcnjkjztlnx7mrad.onion|8333|70016|/Satoshi:22.0.0/|1653825142|738419|None|None|TOR|Tor network
pegb27vph4p66y2vy5pw6q3skio3i4fdl3gouujplhvae6lg2psnugqd.onion|8333|70016|/Satoshi:23.0.0/|1653825437|738419|None|None|TOR|Tor network
pfm6c64gkdbc4wuyoydivhufvlh3emrrh5szfoeejkh5jkdpq54vinad.onion|8333|70016|/Satoshi:0.21.1/|1653825436|738419|None|None|None|None
pgreesu4jjv2h4by2bqhgo2pzqorjw3yzjvsizdep2bwfr4mzp5jzaad.onion|8333|70016|/Satoshi:22.0.0(RoninDojo 1.13.0)/|1653825434|738419|None|None|TOR|Tor network
plmjggozmqgzxkocar5gfjugpo6xvc2gu5gcoheameaaenhsmsczjfyd.onion|8333|70016|/Satoshi:22.0.0/|1653825182|738419|None|None|TOR|Tor network
pmbyd275aq5mz4fuat7kl6pkrbiswwpfjlrb5a6jgfofqld455vhzdyd.onion|8333|70016|/Satoshi:22.0.0/|1653825165|738419|None|None|TOR|Tor network
poqlhvuqibohvkssel26bizhe56w72zfzaa6mo3jt7fczjtfjtw2y7id.onion|8333|70016|/Satoshi:0.21.1/|1653825137|738419|None|None|TOR|Tor network
pq3u2wj4eny4vphfokyr5c2mr5zsx2xsdbc2fzae3awnsr6zmwrfrlyd.onion|8333|70016|/Satoshi:22.0.0/|1653825437|738419|None|None|None|None
ptgwisl5ogzkrdxfuhdkpczx4lprobzarabq5bu6c2gbx7opuauoogid.onion|8333|70016|/Satoshi:22.0.0(RoninDojo 1.12.1)/|1653825407|738419|None|None|TOR|Tor network
pznnh6a2lznjwg4d4hruukg6bxbpr4pyins4ef43ejbeb3catffoxhyd.onion|8333|70016|/Satoshi:22.0.0/|1653825163|738419|None|None|TOR|Tor network
q3hnj7stbm5kdbekxy4vgmhalj5n67kftcrh6r3xz7o5lsxgwgqtbxqd.onion|8333|70016|/Satoshi:22.0.0/|1653825412|738419|None|None|None|None
q75hbegmzvqq7bzywh7vjshhdv3sulpzfhmeoictpfrrno46pt4kwxad.onion|8333|70016|/Satoshi:23.0.0(NilacTheGrims_BTC)/|1653825370|738419|None|None|TOR|Tor network
qak7kf7eadsjaois6r53smbkjlkgkzr3xx4ocplnfxv3vxsayr74h7qd.onion|8333|70016|/Satoshi:22.99.0/|1653825381|738419|None|None|TOR|Tor network
qb5khdnf7lfrcugu6gd3ur2o4lw4asqtcqpia5htwaemnyob5x42rayd.onion|8333|70016|/Satoshi:22.0.0/|1653825437|738419|None|None|TOR|Tor network
qe363clj3qbzu4zo4ev5jyt7g3pttenrxukbdhanks3yokhqe7ihynqd.onion|8333|70016|/Satoshi:22.0.0/|1653825178|738419|None|None|TOR|Tor network
qet75isgnbamcn3bqjr44vkhglbb2rokawoq73vlx6qsavlzwgmqumid.onion|8333|70016|/Satoshi:22.0.0/Knots:20211108/|1653825361|738419|None|None|TOR|Tor network
qj7qtoebwllztv7zmxcnwsig47q3376v7yyblcr6w6f73ueyqpmciryd.onion|8333|70016|/Satoshi:0.21.1/|1653825410|738420|None|None|TOR|Tor network
qluaekrxc7xtw2fosu2b7im5jo2wx7asal75knbzv5cljb4lzjw3ifid.onion|8333|70016|/Satoshi:22.0.0/|1653825437|738419|None|None|TOR|Tor network
qos42ngoxjp3dzhtxkcbzk2qmwkv3ambe26hcjkn76moqrz4cgp7t7qd.onion|8333|70016|/Satoshi:22.0.0/|1653825152|738419|None|None|TOR|Tor network
qr4mj377quksv4tudklplsns2gazww4indpwfy3z5x7bsgljcphxtfid.onion|8333|70016|/Satoshi:22.0.0/|1653825178|738419|None|None|TOR|Tor network
qrcag53cx6yp2mxovzfpuhjtvudifym5arlzr4n5gmkphnt5zyrdavad.onion|8333|70016|/Satoshi:22.0.0/|1653825135|738419|None|None|TOR|Tor network
qroswmxi676gpn3afy2ftahrsvsl3lgpqfrpcnvrnk4s2y7cpwidusqd.onion|8333|70016|/Satoshi:22.0.0/|1653825164|738419|None|None|TOR|Tor network
qsjf2vdrgcl6qalqjbphf4jrxuxybwj2z47syh4jjogfnogdlqgf25ad.onion|8333|70016|/Satoshi:22.0.0/|1653825177|738418|None|None|TOR|Tor network
qt3nd3owk57mjnsz2pxltyouapjlhmpatcovgvdtzxgl43xia46swxqd.onion|8333|70016|/Satoshi:22.0.0/|1653825159|738419|None|None|TOR|Tor network
qtzynfseo7kcyp3mpopyc36fba5lykdmq4nlklyxa63mszbfkm5vfaqd.onion|8333|70016|/Satoshi:0.21.1/|1653825127|738419|None|None|TOR|Tor network
qwgzozbzc6ihg56pmqydkmws4pirmo3eyqco2y5xhm2smr4hsviymwad.onion|8333|70016|/Satoshi:0.21.0/|1653825184|738419|None|None|TOR|Tor network
r2fisavds5t3wap3y4wwlxsrmtyi4peeng7ht65vmopa7h2rj4ybshyd.onion|8333|70016|/Satoshi:22.0.0/|1653825170|738418|None|None|TOR|Tor network
r4ermxqlyd3yrw4mub3jna5gpw7dhyh4pww656xobtgjt3n3rdnrrnad.onion|8333|70016|/Satoshi:22.0.0/Knots:20211108/|1653825381|738419|None|None|TOR|Tor network
r4gryd4cpj2t2f6ytaxkyztf7uqxyldpk7cqdpwrrf3muryjkzzny5qd.onion|8333|70016|/Satoshi:22.0.0/|1653825180|738419|None|None|TOR|Tor network
r7lujykxwukwfusxysrsd2u72wtegkx7hxtqfy3nkootrnkckyrwlryd.onion|8333|70016|/Satoshi:22.0.0/Knots:20211108/|1653825435|738419|None|None|None|None
r7puerecucafwi5nidvhramdieiydlbcll35vhd6ycgrophopmw5abyd.onion|8333|70016|/Satoshi:22.0.0/|1653825383|738419|None|None|TOR|Tor network
rbq5rn23lzg2heehr5s6lc6dzxt42g6xakmgfaqbhxuwswpf76qr6zid.onion|8333|70016|/Satoshi:22.0.0/|1653825184|738419|None|None|TOR|Tor network
rbzvrjk47mpyp6gpoaads7ww2ttvq7lehskmaio6qkxkve3fhd3rvjyd.onion|8333|70016|/Satoshi:0.21.1/|1653825382|738419|None|None|TOR|Tor network
rcd6ako6ugkbgpkzqlg2shswsglozv75bqzrfufyvsner3f3gk37e2id.onion|8333|70016|/Satoshi:22.0.0/|1653825110|738419|None|None|TOR|Tor network
rdfr3v27dkajb2fwepwrqprpnvpfhlbre3dhjgfnjz6x3i3xyospdmid.onion|8333|70016|/Satoshi:22.0.0/|1653825180|738418|None|None|TOR|Tor network
rdzylgqvbevdpay4vu7tkbekd4tcp4tnhlrkpnphmb2qhqx54cbmmzid.onion|8333|70016|/Satoshi:22.0.0/|1653825138|738419|None|None|TOR|Tor network
rec3wqwlpbfkx4i7ichgg5lr3plq5q3f62zy33alqizxqqf7rnb3wlad.onion|8333|70016|/Satoshi:22.0.0(RoninDojo 1.13.0)/|1653825130|738419|None|None|TOR|Tor network
rid6u43z72uci7m3nddoe4czwb6llsk3q6h6eirs5j54t3yxelc5jnid.onion|8333|70016|/Satoshi:22.0.0/|1653825436|738419|None|None|None|None
ridw6k7b3selv4uugxyhxurigmfa3xyanweqhiyd5ioe2v3nc5e6xjyd.onion|8333|70016|/Satoshi:22.0.0/|1653825434|738419|None|None|TOR|Tor network
rjf7o4lccm7kgi5anw5lc3qfidhxsqzdqpofde6lon6zh6kxtfynfzid.onion|8333|70016|/Satoshi:0.21.0/|1653825436|738419|None|None|TOR|Tor network
rn2rjwuxfjzvjfkg2hmrduc2n7tjjpasrlianfskdhhhhfqqvf7kliyd.onion|8333|70016|/Satoshi:23.0.0/|1653825431|738419|None|None|TOR|Tor network
roakhueti77s5d2xbgrws7rs4na42y37bk2eccfu4wog2cq5rxpvckad.onion|8333|70016|/Satoshi:0.21.0/|1653825171|738419|None|None|TOR|Tor network
rojpqwwvplqgvwt5nse5d2zhfcpbnypzsxxbofv2fnilkbuzrw74cxad.onion|8333|70016|/Satoshi:22.0.0/|1653825185|738419|None|None|TOR|Tor network
rp7k2go3s5lyj3fnj6zn62ktarlrsft2ohlsxkyd7v3e3idqyptvread.onion|8333|70016|/Satoshi:23.99.0(Medea)/|1653825125|738419|None|None|TOR|Tor network
rq7k3fqcl7hyi37zj77k4vxmduk5bqpow6ac2phdxjbytzg5lnyrtxid.onion|8333|70016|/Satoshi:22.0.0/|1653825181|738419|None|None|TOR|Tor network
rspzuxn3wecqecg34x6ytwclmkx2xwngrxtrbro4txmnjx6jkwbqhfyd.onion|8333|70016|/Satoshi:22.0.0/|1653825184|738419|None|None|TOR|Tor network
rtfwxmj52ng47cvj6qaypw4pi4znu2ck6re3es6t5zsndoalzubehmyd.onion|8333|70016|/Satoshi:22.0.0/|1653825416|738419|None|None|TOR|Tor network
ru7lnlgdeusvm6z7lut66hmgjxhqhtd52ypzpjcaclr3up7yfx6uzvad.onion|8333|70016|/Satoshi:22.0.0/|1653825436|738419|None|None|TOR|Tor network
rukpdc4u24z2tdvndjfpmscxqiizju4pcxp6hixjdnj4jkhbtvvhlsyd.onion|8333|70016|/Satoshi:22.0.0/|1653825187|738419|None|None|TOR|Tor network
rzj6dbgvcmpr2fdtc2a5ecyauu4iuwlt574xablmzuux6zkwu7uqqvyd.onion|8333|70016|/Satoshi:0.21.1/|1653825184|738419|None|None|TOR|Tor network
s2d52bbttuwcl3pdrwzhxpmhtxn3jg23havjqg5eygwhtiw6lgyelpqd.onion|8333|70016|/Satoshi:22.0.0/Knots:20211108/|1653825410|738419|None|None|TOR|Tor network
s2eeftk4fgt7wqwodbglesstuupigfzte3lx24h5hqspg3ecxqi6oaad.onion|8333|70016|/Satoshi:22.0.0/|1653825389|738419|None|None|TOR|Tor network
s3xk7m3rmhjiou7vqadiqqt3m2lpkvid3hhcqh67kpsseggf2pr5b3id.onion|8333|70016|/Satoshi:22.0.0/|1653825119|738419|None|None|TOR|Tor network
s5n6kiqhipe3zgq65qatjqalxss3kkdjuvwhhnx2qwijexqnmbcsnbid.onion|8333|70016|/Satoshi:22.0.0/|1653825147|738419|None|None|TOR|Tor network
s5omhdaemlzywfhr3xopphtfxgecwout26wmajhyj52lspfv7tapesad.onion|8333|70016|/Satoshi:22.0.0/|1653825141|738419|None|None|TOR|Tor network
saewwfyfcrsmdxell4lfotz4ic2hlmkm6qtiaux4ee5xgmrvro7enlad.onion|8333|70016|/Satoshi:22.0.0/Knots:20211108/|1653825183|738419|None|None|TOR|Tor network
salstxhdrn2d42d73xmimfvplkzpls4klcmz2cojdu32p7mjfn4mcxqd.onion|8333|70016|/Satoshi:22.0.0/|1653825119|738419|None|None|TOR|Tor network
sd3nrwucpgoerwdbammhjsksqgknsgeuvb7zu2eg3vu2zvg5g5imc7qd.onion|8333|70016|/Satoshi:22.0.0/|1653825132|738419|None|None|TOR|Tor network
sdbghfphhkexgfabflzj5tprlrkgvwxtgn65wppprujratkergw4tcad.onion|8333|70016|/Satoshi:22.0.0/Knots:20211108/|1653825438|738419|None|None|TOR|Tor network
sdfxphhxsliaxez2pb3vbbqzst4anvdk3zmuo4dpgzhvxvfolp7st7ad.onion|8333|70016|/Satoshi:22.0.0/|1653825135|738419|None|None|TOR|Tor network
sesbmdhs7f7t6wwwmh34npcxchukqdzy7ymtn4c6hckfhll3ig5zqhqd.onion|8333|70016|/Satoshi:22.0.0/|1653825430|738419|None|None|TOR|Tor network
sfn6hdnetpvrg4trj67bvoiuwwenqxsgsdbgkvchtk3beuofgbn3qayd.onion|8333|70016|/Satoshi:22.0.0/|1653825430|738419|None|None|None|None
sgfbz6zrulp6b5nvr2c7qqofck73hob3kbyxpg2ytk5p73qvphhbdgqd.onion|8333|70016|/Satoshi:22.0.0/|1653825190|738419|None|None|TOR|Tor network
sgzvoiwmm4v2hu5vucas7khg2a2deqxfublfftyytgbyk4jds7wtgmyd.onion|8333|70016|/Satoshi:22.0.0(RoninDojo 1.13.0)/|1653825141|738418|None|None|TOR|Tor network
shinjxqy427avxlboncgwutwl53ynfgzhh4ev246ncvdwl4pwmx4rlqd.onion|8333|70016|/Satoshi:22.0.0/|1653825437|738419|None|None|TOR|Tor network
sicjgso2g5e7irkert5uotgm63ykzd52ieugjkcszbyduu43wcqpm2yd.onion|8333|70016|/Satoshi:22.0.0/|1653825414|738419|None|None|None|None
smogsfg24jsg5izqxlrqhwnykvnghgznavzkflmegpybmmltuqgmx5qd.onion|8333|70016|/Satoshi:22.0.0/|1653825180|738419|None|None|TOR|Tor network
soh6dpgmt4xjdazg7lurxn54tdcralfpvqonuz2b3qouy2ss7pkaylqd.onion|8333|70016|/Satoshi:22.0.0/|1653825187|738418|None|None|TOR|Tor network
sp4i6bzeykpfw54fd7iql3exvnsaublie2lxsfamgv5vsiweionyflqd.onion|8333|70016|/Satoshi:22.0.0/|1653825180|738419|None|None|TOR|Tor network
sq4kdtxgsfdk65vgs4u33ayyuvd3tgkpxhiafo56yqn55oiv5p4vndyd.onion|8333|70016|/Satoshi:22.0.0/|1653825184|738419|None|None|TOR|Tor network
sr3ezux4h5ntqclrd5i6npsircwouf3647fifnz5bnoepuwzxrarurid.onion|8333|70016|/Satoshi:22.0.0/|1653825129|738419|None|None|TOR|Tor network
suhom4dqklxvor6jcmznivigbps3yxvyxnniqv53otruigqqspdotfqd.onion|8333|70016|/Satoshi:22.0.0/|1653825179|738419|None|None|TOR|Tor network
sul76czzydcms5poxr63dxopp6vqoersq72eu2jlo3ejkz3l2rhcjryd.onion|8333|70016|/Satoshi:22.0.0/Knots:20211108/|1653825157|738419|None|None|TOR|Tor network
sxpx7ua6ef6ejhsbxj3zbbcammj3o673luwqrpoz436tmru2qgd3zoqd.onion|8333|70016|/Satoshi:22.0.0/|1653825179|738419|None|None|TOR|Tor network
sxxexisdpdhrtlvdquhiu6hky5ie5qrxesqpon2j7bfiwyyy62w275yd.onion|8333|70016|/Satoshi:22.0.0/|1653825383|738419|None|None|TOR|Tor network
t5ti2s55q4wb6ydbxhnojxtu7sb2bpdyslwe46yifkoof7y656w7dlqd.onion|8333|70016|/Satoshi:22.0.0/|1653825399|738419|None|None|TOR|Tor network
t6tiv56foqcx4bwfkleyh6vmpcx54wj6m7mlcycaja364adobzom25yd.onion|8333|70016|/Satoshi:22.0.0/|1653825178|738419|None|None|TOR|Tor network
tbrygdwi3iokz5lopovnckstm374nq27ttwwh4xmronjhz5aznicx6yd.onion|8333|70016|/Satoshi:22.0.0/|1653825142|738419|None|None|TOR|Tor network
tcdxrnh2kadzmrsgwcprj237ecu2otztijspihij5fininlmu3ihsfid.onion|8333|70016|/Satoshi:22.0.0/|1653825180|738419|None|None|TOR|Tor network
tgn6w2rwla7htsh3bltyvecynpnzfgc3fasxa24lgrvix675cjn3pqad.onion|8333|70016|/Satoshi:22.0.0/|1653825177|738419|None|None|TOR|Tor network
thlkmvlgimmj3jorn76c7tysbomyzvw5xzpyvqnirrz2mf7jdssmgdyd.onion|8333|70016|/Satoshi:22.0.0/|1653825140|738419|None|None|TOR|Tor network
thvq2jj64oalg3o6lewdvyco3vqsxwcgksoc6q3tb2plnrycmhd6ddqd.onion|8333|70016|/Satoshi:22.0.0/|1653825142|738419|None|None|TOR|Tor network
ti7cclqi6kweaehxgku7kez6s4sestd3qdexfvkfp7t5jgaxkdj3s6ad.onion|8333|70016|/Satoshi:22.0.0/|1653825154|738419|None|None|TOR|Tor network
tifh26s2z5ro4vuqahf5r5zstmf3pkxeixhfd3yte5gheocgv6jqezid.onion|8333|70016|/Satoshi:22.0.0/|1653825381|738419|None|None|TOR|Tor network
tjjlfpyzsedpeqnuwt5tu42oj3qq3v57ipkb543zzgidib2hloq4oyid.onion|8333|70016|/Satoshi:22.0.0/|1653825137|738419|None|None|TOR|Tor network
tlaghcw5tsy3qnvqacco5ktmf5hobn2r3a57ny5jshdwu7imw47isoyd.onion|8333|70016|/Satoshi:22.0.0/|1653825410|738419|None|None|TOR|Tor network
tmdjduejrmv64ocg73ums6dlwcaurqrg4iysbvfgn3vzphak6vgf5byd.onion|8333|70016|/Satoshi:0.21.0/|1653825139|738419|None|None|TOR|Tor network
tpnrrewyycfjw2glkormhtpcrgxtlaurrxxwhtabfmg5gsbbijaov5ad.onion|8333|70016|/Satoshi:22.0.0/|1653825154|738419|None|None|TOR|Tor network
trttjk3onp3qthqykpz2eopjrhrbzqmfwilzlvtp2p4mpdzdit3vepad.onion|8333|70016|/Satoshi:22.0.0/|1653825164|738419|None|None|TOR|Tor network
tsllgkqc7sjgnoqkxe22uaymruh2t73fzkg3agl6pr2brc7soikuhyid.onion|8333|70016|/Satoshi:22.0.0/|1653825405|738419|None|None|TOR|Tor network
tuva7gbftorb6hjxdwidekybjrugqqx5ko4gy4plr43eacqkuxocx5qd.onion|8333|70016|/Satoshi:22.0.0/|1653825434|738419|None|None|TOR|Tor network
twz6qce2dktxdjeexcscmalxt3i4dyacc4tikes2l5i3qk4cyauwwyqd.onion|8333|70016|/Satoshi:23.0.0/|1653825183|738419|None|None|TOR|Tor network
txtw33rpyuqxj7fp3km6s7w2lguxzjoyz6lotjhthivdakbojigjlmad.onion|8333|70016|/Satoshi:22.0.0/|1653825409|738419|None|None|None|None
u3edrtzedv5tmzizamlj6n4kmpfrn4ekvxfjpzauxoy4jps3orzftiyd.onion|8333|70016|/Satoshi:22.0.0/|1653825160|738419|None|None|TOR|Tor network
u3fqcopblezebgbvipx5x4vmlt4qvma4g2yqdjsjwzetef5u4qf4w6yd.onion|8333|70016|/Satoshi:22.0.0/Knots:20211108/|1653825436|738419|None|None|TOR|Tor network
u3x54efx7g7dxdfpptv5gbvuk65cnzkkselv5hhl3ayytdnjzd6ae2id.onion|8333|70016|/Satoshi:23.0.0/|1653825164|738419|None|None|TOR|Tor network
u5fdur4fomgw6f5ahelxxzjh2c5adzhgaogyl6mrz6i3hvt2pm5443id.onion|8333|70016|/Satoshi:22.0.0/|1653825187|738419|None|None|TOR|Tor network
u74ijwg2l67r3ui22kzsc6nphaofchwiedl2wcfkh3o6ervfkholduid.onion|8333|70016|/Satoshi:22.0.0/|1653825133|738419|None|None|TOR|Tor network
ubqub6zjoeax3crdfxlnwhcjbc3skt6cxll5b7ainon3z33wxmwkz4id.onion|8333|70016|/Satoshi:0.21.1/|1653825436|738419|None|None|None|None
ucnkhjynt6nm27wiulygkz2d3d6hdrwpg7eg2okp7oibjn4lw6ukm5yd.onion|8333|70016|/Satoshi:22.0.0/|1653825384|738419|None|None|TOR|Tor network
ucq2p6lejiz2egrlfyvlyck5qln47xxvckd33zlc4ldwhcutiaynlmad.onion|8333|70016|/Satoshi:22.0.0/|1653825157|738419|None|None|TOR|Tor network
udc6zb4aweswgqiuderaapnrhtyaqubdxdnwdd6retvevxvkk4qscmid.onion|8333|70016|/Satoshi:22.0.0/|1653825188|738419|None|None|TOR|Tor network
uerib5yb3p7xk7nkmwdpnw72tbd6o3nciygyf5xnz7g2lz2djmzh2nqd.onion|8333|70016|/Satoshi:22.0.0/|1653825141|738419|None|None|TOR|Tor network
uhihqc7vmbzwtjmui3kvykibbkbkn35bfsl3vy5rkhthny25ibrxuxyd.onion|8333|70016|/Satoshi:22.0.0/|1653825136|738419|None|None|TOR|Tor network
ukkrzzm2z3gda4qanj6bfjheertvt7azale56gf4m3hgu6hdmmlz2oyd.onion|8333|70016|/Satoshi:22.0.0/|1653825179|738419|None|None|TOR|Tor network
unuvsyjccmhxjyzlxmt3hzgqx4gt4nzpk4tbqwrg4wpakkpkzvrxclyd.onion|8333|70016|/Satoshi:22.0.0/|1653825405|738419|None|None|TOR|Tor network
unz6mknhm44yfyufdvafnpp3taq3ziyxphwnkbxpt7rzuw7wo4wmmoqd.onion|8333|70016|/Satoshi:22.0.0/|1653825434|738419|None|None|TOR|Tor network
upfdvb2exjdtirem7q7xhqkcscgpocqspj5xuj2zyxsjzihxof36p3yd.onion|8333|70016|/Satoshi:22.0.0/|1653825412|738419|None|None|None|None
uuls72d2qyho2i6a5xltkdgtu22y5sdlmfqehia42x7oat4f6csrrryd.onion|8333|70016|/Satoshi:22.0.0/|1653825381|738419|None|None|TOR|Tor network
uw3sqtc6gofz5d4cxk2qudi77obc4zezib2d45q5n6r7ifb5ryhwxwyd.onion|8333|70016|/Satoshi:22.0.0/|1653825383|738419|None|None|TOR|Tor network
ux4nf2j7f3x5u2236ylw4v6otnykys75sbmd3l2ce5h7jsbsd7ccqvad.onion|8333|70016|/Satoshi:22.0.0/|1653825166|738419|None|None|TOR|Tor network
v2wusypstwzflxdpfsrszqyr3ptiho75eyxvxfuzmwvfy7qxwj2x3pqd.onion|8333|70016|/Satoshi:22.0.0/|1653825436|738419|None|None|TOR|Tor network
v2yhfiqcb76ttoegjah4wliyrgyv523maldl4x3st6m3o2zod4t7jzad.onion|8333|70016|/Satoshi:22.0.0/|1653825178|738419|None|None|TOR|Tor network
v7uenfzfi4yh57j35oxae5dpatmjgmbryd6bxqbhkztoon2xyjwtwbad.onion|8333|70016|/Satoshi:22.0.0/|1653825399|738419|None|None|TOR|Tor network
va2mdp4m5b2uuwpf63uvcdro55n2spevmhpnxsiagnni3rw4fqk63dyd.onion|8333|70016|/Satoshi:22.0.0/|1653825178|738419|None|None|TOR|Tor network
vaugluje5q5fdptdc5qsi2xgn52tin5j4h32xx5esf4iqbzhbeoasead.onion|8333|70016|/Satoshi:22.0.0/|1653825164|738419|None|None|TOR|Tor network
vg2rd3mo2wzx3466rk42umefgyimjsqoc2uc245zny5gaowc6uzlq3ad.onion|8333|70016|/Satoshi:22.0.0/|1653825433|738419|None|None|TOR|Tor network
vgl2tko3wjtoxfqbslizoc5dllhpumwciyen2tzjwifnwzyxapz3ovad.onion|8333|70016|/Satoshi:22.0.0/|1653825182|738419|None|None|TOR|Tor network
vgtg5bu4fvoxa4gst6uztpv4gfgqwcrqdd3g4znw7bfen4wau7ejbmid.onion|8333|70016|/Satoshi:22.0.0/|1653825178|738419|None|None|TOR|Tor network
vmfpubzzhvkihronmsnnfby3nohryhhnfsw23nmistw6yv5mnapwrgyd.onion|8333|70016|/Satoshi:22.0.0/|1653825148|738419|None|None|TOR|Tor network
vmhzjqux2mdbq4rmvsjjyfpw74xfycbeo46rasz4w2aen2nihonjgzid.onion|8333|70016|/Satoshi:22.0.0/|1653825142|738419|None|None|TOR|Tor network
vnmxkwqa3j2q5dpd7he26qoefeev6autlhv32ztnnzaqhe4o26nct6yd.onion|8333|70016|/Satoshi:22.0.0/|1653825146|738419|None|None|TOR|Tor network
vroybfql7x22h6iy3exxrydkbmkf3xuogn32c3rry2tm5ohfsm3pgvqd.onion|8333|70016|/Satoshi:22.0.0/|1653825163|738419|None|None|TOR|Tor network
vruh4qkh7harg4rgctky7u4lllnjiete7xknglhhkotqs3o4cfpeivqd.onion|8333|70016|/Satoshi:22.0.0/|1653825434|738419|None|None|TOR|Tor network
vxcgjabpm6be7u54r4izkmxnawdf2uuiajivatkvibworxwkep4qesid.onion|8333|70016|/Satoshi:22.0.0/|1653825146|738419|None|None|TOR|Tor network
vxlgtkrhtnotstv7jk5xlc3thllmqzb54rtzmkizsa6v564ladorhjad.onion|8333|70016|/Satoshi:22.0.0/|1653825124|738419|None|None|TOR|Tor network
vyklcu6sfoi6oc2vbwu36wpdocduxmpwqvdy45jzwv5jkqsmsxqdlnid.onion|8333|70016|/Satoshi:22.0.0/|1653825159|738419|None|None|TOR|Tor network
vz4hlchubgw7pabs7wyicaukvwuvj3gq47qnewwy5hgwhswfqdynmqad.onion|8333|70016|/Satoshi:22.0.0/|1653825180|738419|None|None|TOR|Tor network
vzvimbqhhbbxuyfcszwy5kvxfbmfqedgkmo4gc3nqynlrco4cs5v6pyd.onion|8333|70016|/Satoshi:0.21.0/|1653825410|738419|None|None|TOR|Tor network
w3qon3olnpjid7vj62cfrxoy4t7pemwiwlbqquyplgzxc7gm5j55vjyd.onion|8333|70016|/Satoshi:22.0.0/|1653825136|738419|None|None|TOR|Tor network
w4gq63jnw7c4c5iornz6rxoqlq6iexwnsoyusijzzsl7zdkcfu7aoeqd.onion|8333|70016|/Satoshi:22.0.0/|1653825180|738419|None|None|TOR|Tor network
w4rkqd4h7moxmqe6vnhju6l6iqekmb5lwdou3vrsgjjrjo3wptgf26id.onion|8333|70016|/Satoshi:22.0.0/|1653825415|738419|None|None|TOR|Tor network
w4stvwkd55f62eqwqp6kdu4jltjx3ydztvsv37hf5jkjr7gt6zojniyd.onion|8333|70016|/Satoshi:22.0.0/|1653825181|738419|None|None|TOR|Tor network
w564bai247k5v4qozipfo4tsbzub5bjjwaqrshiwnaoto3r6peahphad.onion|8333|70016|/Satoshi:0.21.1/|1653825122|738419|None|None|TOR|Tor network
w5bn527whodcsg4qfzhnouhify3hckgj7g5lvmz6y7cqns4cjyrwveyd.onion|8333|70016|/Satoshi:22.0.0/|1653825407|738419|None|None|None|None
w7qlhmfqaw5kch3z53fp52dz5jsqzdsobbha2scpme2oxlpwdvpw4zyd.onion|8333|70016|/Satoshi:22.0.0/|1653825184|738419|None|None|TOR|Tor network
wacs2lnoghdzphirahqnvykwe4h7yk7gvkeecukzu4gkv7uuuomcroad.onion|8333|70016|/Satoshi:22.0.0/|1653825155|738419|None|None|TOR|Tor network
wdttigw42qwwwthvmnvgcd2sktin7zsc3atnkm5ivfa52dwin7ann4qd.onion|8333|70016|/Satoshi:22.0.0/|1653825182|738419|None|None|TOR|Tor network
wf2nosdzdahjn5vegdyc65zlxcchfv5qqd5gmxghjox7ys3ajijp2dyd.onion|8333|70016|/Satoshi:22.0.0/|1653825124|738419|None|None|TOR|Tor network
wfpnltjgr26kj4m4lqay3po3mjv2lvdwywiepcqdswmebx7srtllbfad.onion|8333|70016|/Satoshi:22.0.0/|1653825179|738419|None|None|TOR|Tor network
wfw7bismjdpmx2rerkrmkwvpt25pj527xajbxenulendg2nzcktcv7ad.onion|8333|70016|/Satoshi:22.0.0/|1653825383|738419|None|None|TOR|Tor network
wfyogiouvo7qjuo5o4zu45pnyl55ulrk54te7db4aryvgzu6xhoy4tid.onion|8333|70016|/Satoshi:22.0.0/|1653825186|738419|None|None|TOR|Tor network
wh4gt7k7o7hgcwl4qce7xuoh3ai3hwqfwbz2wj4qfw2dmisyouznrnid.onion|8333|70016|/Satoshi:22.0.0/|1653825157|738419|None|None|TOR|Tor network
wihucfwm5kachgwcqt2jivmblqqiwstzain64zlc4w4ymgvfiuzwzgqd.onion|8333|70016|/Satoshi:22.0.0/|1653825132|738418|None|None|TOR|Tor network
wnlp2uplbowzmj7bzxc2ftcsp7qh5sw5umqkg635ykx4jgx5wqxx2rad.onion|8333|70016|/Satoshi:0.21.0/|1653825410|738419|None|None|TOR|Tor network
wo5hiz33rbvlxsa5g4cpzluu7t5l7gfmdyrd727v4nxtcbzxjztdlkqd.onion|8333|70016|/Satoshi:22.0.0/|1653825164|738419|None|None|TOR|Tor network
wqmuplpy7atqbvln3lcnufnqvasdcy6ow5trbrhssmm6loucdwlk3mqd.onion|8333|70016|/Satoshi:22.0.0/|1653825435|738419|None|None|TOR|Tor network
wrnzkogfsdfba55h7cbrphupbpefcetlxzupmlmqjur7tyqcixwo5bad.onion|8333|70016|/Satoshi:22.0.0/|1653825180|738419|None|None|TOR|Tor network
wstq3uecudiqtyazd5gznpueennioguab7lcveknqd46aebnp7gjyoid.onion|8333|70016|/Satoshi:22.0.0/Knots:20211108/|1653825388|738419|None|None|TOR|Tor network
wuribt65tmuqhpzvkh6rn2gr4aug5k3l47hqcbtmrsoxogws63fduuad.onion|8333|70016|/Satoshi:22.0.0/|1653825173|738419|None|None|TOR|Tor network
wvgv5goodqxucwcvid5b2ng3h7biu3yyqku6mlwwkdom3pl5nr3gc4ad.onion|8333|70016|/Satoshi:23.0.0/|1653825388|738419|None|None|TOR|Tor network
wyfinhgy3kxqrjx3tovwbmbvdsjvbvc6ucycp4vu45zo7jdybgogf2id.onion|8333|70016|/Satoshi:22.0.0/|1653825182|738419|None|None|TOR|Tor network
wyjxf2b2kfspcaf5ui5blud4fcwzz6siuxb6b2t3lnzjmchx7wejbtyd.onion|8333|70016|/Satoshi:22.0.0/|1653825361|738419|None|None|TOR|Tor network
xai55r4hwtnxvwcmqm2tkifjkildd62ybc2bgetss3reqjs35uafyzad.onion|8333|70016|/Satoshi:22.0.0/|1653825437|738419|None|None|None|None
xdgqh4do4a6yqw6n5fmko3wzg3bv5bxmw4cwzei6af5q4av2kmt2hzqd.onion|8333|70016|/Satoshi:22.0.0/|1653825436|738419|None|None|TOR|Tor network
xehlr3sy6kwvn46c7k4ufdqpqs3rhk76hdpjw662lq6nudp2ldzcfzqd.onion|8333|70016|/Satoshi:22.0.0/|1653825138|738419|None|None|TOR|Tor network
xjebm6trlefnayx6ixnddsf43ju3g2duadju43mh2oukcgjvgrer74ad.onion|8333|70016|/Satoshi:22.0.0/|1653825388|738419|None|None|TOR|Tor network
xkx3xmdfgjz6h7ncr32d5mxtn7fxcppwferd4bayrkv5jfspwb25fyqd.onion|8333|70016|/Satoshi:0.21.1/|1653825142|738419|None|None|TOR|Tor network
xrlpavfy7oiwhkb4xor7owl2jtzjnhejywokvxnqvojexmxsa75kluyd.onion|8333|70016|/Satoshi:22.0.0/|1653825178|738419|None|None|TOR|Tor network
xrovevdl2uuqd2gxplkn57ivjy2m7sv2bkqggicwpxrftmr2qxde4hqd.onion|8333|70016|/Satoshi:22.0.0/|1653825437|738419|None|None|TOR|Tor network
xrpivgulecmjnnqq7pfspdi7mk6tihy5vilunr5ok45yybntyi75guad.onion|8333|70016|/Satoshi:0.21.1/|1653825180|738419|None|None|TOR|Tor network
xu33vh6coc7ngtdijoxunuxt2rjckazpfvwhrlalzzbrk2mdcmbzxpyd.onion|8333|70016|/Satoshi:22.0.0/|1653825388|738419|None|None|TOR|Tor network
xvhza4etx7emx6gf4y7tkngiogsftkk43m2hn5je4lmfjsaxctc2enad.onion|8333|70016|/Satoshi:0.21.0/|1653825184|738419|None|None|TOR|Tor network
y34knfanra45afxu553sq452oyzmx27sveg7fzqtuv24pmbm5bveagad.onion|8333|70016|/Satoshi:22.0.0/|1653825437|738419|None|None|TOR|Tor network
y56opeayazuh6rblwbuemtejjk5m5ioqldy4ejlkmg7uzk2qlip35rad.onion|8333|70016|/Satoshi:22.0.0/Knots:20211108/|1653825137|738418|None|None|TOR|Tor network
y6scam4xt2jmlfq3a6mcka3k2clfcfnsroifpwh4bjw5je3dzt2yrfad.onion|8333|70016|/Satoshi:22.0.0/|1653825124|738419|None|None|TOR|Tor network
y7sz47v2uemihvcr3zcm66r75fr5egslvtp6ulkrlr6gw6sikep76xyd.onion|8333|70016|/Satoshi:0.21.1/|1653825157|738419|None|None|TOR|Tor network
y7u77wmg2qxe7lykjcnaepzdxx3rntrdgm6kcgiriyvr57mlzrlt5aqd.onion|8333|70016|/Satoshi:22.0.0/|1653825160|738419|None|None|TOR|Tor network
ycxjdh4jr4vun447cdszcoge26pbdnqblfi2osmk5e4uqmrigw7y4byd.onion|8333|70016|/Satoshi:22.0.0/|1653825437|738419|None|None|TOR|Tor network
yipidja7f6bglzdbkkh6muj5hqwicow5rtv6chwfd4g2pr6lpf6vseqd.onion|8333|70016|/Satoshi:22.0.0/|1653825178|738419|None|None|TOR|Tor network
ylj5g43kz2o7zvv3sthz3ovwvkg625nntwaf6z3lf2dpptskhskl32yd.onion|8333|70016|/Satoshi:22.0.0/|1653825165|738419|None|None|TOR|Tor network
ynu7rpdngie33uagftwzxqzwy2lxjzxjajufngmfxqkfihzeykreihyd.onion|8333|70016|/Satoshi:22.0.0/|1653825383|738419|None|None|TOR|Tor network
yvvodwqb3szlgkx4egcyq7qmhpyoqxdyxdnksxl6ppnmagnsu4noemqd.onion|8333|70016|/Satoshi:22.0.0/|1653825429|738419|None|None|TOR|Tor network
yxry4zvnlqj25lqfoubyowauvc4j6un62vwgrwmig355fflnmllmnjad.onion|8333|70016|/Satoshi:22.0.0/|1653825142|738419|None|None|TOR|Tor network
yzmn2ozisj77ed2kek7b5u4wpg2rlnhcrh55ctdkatbrga3l3g6f32qd.onion|8333|70016|/Satoshi:22.0.0/|1653825179|738419|None|None|TOR|Tor network
z3lkfyattbaunjqjayg5nsmpff5zhzf3qepsdt2wjbfgc5vm4abzm2id.onion|8333|70016|/Satoshi:22.0.0/|1653825179|738419|None|None|TOR|Tor network
z5zucl4y4axw6dn2eiaw42dbj3aw6t6rummko47wrvkghehqcgob6had.onion|8333|70016|/Satoshi:22.0.0(Samourai Dojo 1.14.0)/|1653825407|738419|None|None|TOR|Tor network
zbnovu66ikceaodzrkpwww4vop6iwvtebbeznngo2mtjkikwknqzgrid.onion|8333|70016|/Satoshi:22.0.0/|1653825184|738419|None|None|TOR|Tor network
zdzfcddijrxgtmvdtidskpneoa6rbhknfje3epkvzr236wkwvkhzhqad.onion|8333|70016|/Satoshi:0.21.1/|1653825434|738419|None|None|TOR|Tor network
zhbloreou3rczcy3enuvoprav2am3xtkr6qgvan7llqnld2gwoekgmad.onion|8333|70016|/Satoshi:22.0.0/|1653825134|738419|None|None|TOR|Tor network
zkxe2fnm4tsmbu4bdge7i7j2cesfrq5oznfzobf4mwtejbhenp7ubxqd.onion|8333|70016|/Satoshi:22.0.0/|1653825111|738419|None|None|TOR|Tor network
zljuwf7devz7xj47ajv3wgt3onae7xiaswp6n7kgpals5bsxdove57ad.onion|8333|70016|/Satoshi:22.0.0/|1653825164|738419|None|None|TOR|Tor network
zq6gop4nsnzl4ng2w3odblcekjldmhlurlokovhovgp5gceimo3iwtid.onion|8333|70016|/Satoshi:22.0.0/|1653825183|738419|None|None|TOR|Tor network
zqrurjw3ky43ztndqbnzafx4evwxwwdehdss2xsnlezavomvfoywejyd.onion|8333|70016|/Satoshi:22.0.0/|1653825181|738419|None|None|TOR|Tor network
zr7iclbuwoj2mvy3yx3j4rvzhyp27b3bc2o5fdiefo7mcmuvw4kjfqyd.onion|8333|70016|/Satoshi:22.0.0/|1653825181|738419|None|None|TOR|Tor network
zst72s7clibvpdxo3hbvt53eby3husigwetrpfqdrlb3hb5nvu37s7yd.onion|8333|70016|/Satoshi:22.0.0/|1653825126|738419|None|None|TOR|Tor network
zvjn5jscn7jncqss44uh53gvi6b4eycjqp42t6pv46bsr7gine5cbrqd.onion|8333|70016|/Satoshi:22.0.0/|1653825184|738419|None|None|TOR|Tor network
