# https://chainz.cryptoid.info/ and whois results
# DeepOnion
IP Address|Subver|Version|ASN|BGP Prefix|CC|Registry|Allocated|AS Name
2mzyh4okx3oemrpu5nhle5bgb7nj73lrnyx7kzcdgpi5tenj4gtd4jqd.onion|/DeepOnionCore:2.3.2/|80019||||||
2ohkw24inl7go37zfbrnv2fl5ic634spl5ol2vld5maop63fl5l7iwqd.onion|/DeepOnionCore:2.3.3/|80019||||||
35z466vnfyymw3726synoqrpup3varntuovspbla5y6dyeigxqlnvdyd.onion|/DeepOnionCore:2.3.2/|80019||||||
3nrte7ioicsdghqv6pss3ufbyagtobsrbplaq4a4sa2fjnd7g6ylvfyd.onion|/DeepOnionCore:2.3.2/|80019||||||
4asvstl6vi43rn5z5w4yg4vrvstfjvy4gqnq3zv4jfrooeruqg76hqad.onion|/DeepOnionCore:2.3.2/|80019||||||
53l3lvwjuxmmdvsrxeij5al2azssg7d67mozul5az2lonwa3bbjck4id.onion|/DeepOnionCore:2.3.3/|80019||||||
5znfnoonndckvtquislez6ijlhmdhuomnxyyl4yxtmq3wnyepx56aaqd.onion|/DeepOnionCore:2.3.0.1/|80018||||||
6l4utylulgjwpimnrzlgkdeocffmrahresn4agy5dcp3bwsaixu552yd.onion|/DeepOnionCore:2.3.3/|80019||||||
6lgwszf6223m2xwioivb3dn2ygnppjjpaqs4pypswmfkw66rqojcy5id.onion|/DeepOnionCore:2.3.0.1/|80018||||||
6ulwqmmi35344glb35qgdyimfg6bpyjydu7gl2crc3wkqvurzl3ueqid.onion|/DeepOnionCore:2.3.2/|80019||||||
6xopha5qzm5dra7lvfsfbsmpkcwb3h44hsdexm4f35okqwsy77qkbmqd.onion|/DeepOnionCore:2.3.1/|80019||||||
6xopha5qzm5dra7lvfsfbsmpkcwb3h44hsdexm4f35okqwsy77qkbmqd.onion|/DeepOnionCore:2.3.1/|80018||||||
7kuqil3chmztiab75be44pl7gr7rywitrubpfws6yvkrviveniuiayid.onion|/DeepOnionCore:2.3.0.1/|80018||||||
7l2hvyfvfnpbhnupsrvz6th7gbmobkbed3uijaxv3nx5hsr7ckp2ssqd.onion|/DeepOnionCore:2.3.3/|80019||||||
afiywfi6ybcrenuicqoldudh2lcsrsz2t5ausc6ijffy5j3ksxwnreqd.onion|/DeepOnionCore:2.3.2/|80019||||||
ahvg2b7nujwcwscxtw2wxjavp3f6j4xqstndlialfhb4jhyyomp3bfad.onion|/DeepOnionCore:2.3.2/|80019||||||
apmzoia3rhc3gc3bh5mlupjsqbk67cim5kw3x5ijfbk2z3f2gfhuqpqd.onion|/DeepOnionCore:2.3.3/|80019||||||
b3rmuzqzog4shr7jgltgheruto7npcjwspozizbuftffuocpq2nkg4yd.onion|/DeepOnionCore:2.3.0.1/|80018||||||
bkhjhie6ekeuthbf2cqggzqvpbcmds27purvgw245dx5gzv7vjiwk2ad.onion|/DeepOnionCore:2.3.2/|80019||||||
c35xapvcbcf7rr3x7kgp4v376lad4uxeyckd64otihn77yq6yk6upeid.onion|/DeepOnionCore:2.3.0.1/|80018||||||
cmi5jeupfchoxeqz6voawd2f2s3ur6dwuqcchi2s2r42ullwt35ln4id.onion|/DeepOnionCore:2.3.3/|80019||||||
h6un3teefexuoz543pmvptt5twewmhqjl35nqj7u4slyskedwmblefid.onion|/DeepOnionCore:2.3.1/|80019||||||
h6un3teefexuoz543pmvptt5twewmhqjl35nqj7u4slyskedwmblefid.onion|/DeepOnionCore:2.3.1/|80018||||||
hxxbdy7bxrh7wmipz4v25rywrjelc5lotlssnl7k6bsa4rsmxdd4ukyd.onion|/DeepOnionCore:2.3.3/|80019||||||
iio256wdjtmpmhjadiduqmikgqmqibennbwknclmyqhlw5dlkdn72oid.onion|/DeepOnionCore:2.3.3/|80019||||||
irhhpjmoi3kkuvtdj6w7di6fxo575ypam2blhokdznkgm4gsidfhqmad.onion|/DeepOnionCore:2.3.3/|80019||||||
jdd47fodx7kpnlzqz3eoq5jbmjpfatzykdh7dfgyksgkdg53gtl4l6id.onion|/DeepOnionCore:2.3.3/|80019||||||
k36oi4drfoh726qbrj2bswgd6zmlsxiirzmn5ib5jdkuxym3knopoeqd.onion|/DeepOnionCore:2.3.1/|80019||||||
k36oi4drfoh726qbrj2bswgd6zmlsxiirzmn5ib5jdkuxym3knopoeqd.onion|/DeepOnionCore:2.3.1/|80018||||||
k6fqykeklavxseqhvgcxgvgrv5rwy4ipdpfaxgqinfu4ghct2gusn5qd.onion|/DeepOnionCore:2.3.1/|80019||||||
k6fqykeklavxseqhvgcxgvgrv5rwy4ipdpfaxgqinfu4ghct2gusn5qd.onion|/DeepOnionCore:2.3.1/|80018||||||
lj2zzruj2sdghouotbevrknjxktd2xz2tvxj5nzx6sdd6vmm7ppyq7id.onion|/DeepOnionCore:2.3.2/|80019||||||
ln2wzkn6dwvhdaql2bbpx2bvz2rygipc2puzy2qmw2f6aci5vixu3aid.onion|/DeepOnionCore:2.3.1/|80019||||||
ln2wzkn6dwvhdaql2bbpx2bvz2rygipc2puzy2qmw2f6aci5vixu3aid.onion|/DeepOnionCore:2.3.1/|80018||||||
lyrqja67vm2jgbsunopsebu4etab65vs7jm6zbajsnhhhygczlhxftid.onion|/DeepOnionCore:2.3.2/|80019||||||
m4xw5lh3xydlaspape2kjyalfnv7btdgrerkbkv5ldfln3agt4u435yd.onion|/DeepOnionCore:2.3.0.1/|80018||||||
mb2ia5qxc56l2fjfhzgagcpbttw3jsvj46yhkahvy4u7twgoe3og4qqd.onion|/DeepOnionCore:2.3.3/|80019||||||
mdnumplqlwx3a3zjom3mgpwt5ntkzeukvgu6dblj3fvy6pixglw5dbyd.onion|/DeepOnionCore:2.3.0.1/|80018||||||
nn4w7wp5g7k6qm5fd3ggn6mixzga7o2k6egglvklcc5d65hrfpwuzdid.onion|/DeepOnionCore:2.3.2/|80019||||||
pcjjmt7pqxhw7xthsfr2ce5vlnq3fbqb6oqzlmplr322xgjlh35ciyad.onion|/DeepOnionCore:2.3.0.1/|80018||||||
pgr2jcc4snyozdd5ulwbbrdvm5pqz5kbk7nxjxt6tmdtwbp4l2o7uwid.onion|/DeepOnionCore:2.3.2/|80019||||||
q23gfaiwessecm5iici5oux3i3gmzowtaaugpig7lz7sbal6odxvozyd.onion|/DeepOnionCore:2.3.2/|80019||||||
sxankifx75lutxuogmorxowsts4uqkispowqds7422dq7fgnvqfqgvid.onion|/DeepOnionCore:2.3.3/|80019||||||
tbnqoybn3pprl2ft72vknkj45m54hrjauaycrjjejd3hogdzsia56eyd.onion|/DeepOnionCore:2.3.3/|80019||||||
tv2ubga2omcigi4x46sc7nwcncy5bbprotwhwrleuzptbwqx2owjyrid.onion|/DeepOnionCore:2.3.1/|80019||||||
tv2ubga2omcigi4x46sc7nwcncy5bbprotwhwrleuzptbwqx2owjyrid.onion|/DeepOnionCore:2.3.1/|80018||||||
u7jayc7kzbd4juegjqyxdynw726et4536yocwoaafnmggnx3jefvg7id.onion|/DeepOnionCore:2.3.0.1/|80018||||||
uaehuzytgvnhp2674bcqdbooumrtj3qjmz3dyjim73bl6kspi6p3oqid.onion|/DeepOnionCore:2.3.3/|80019||||||
wyughnuglsxvun7jnoxil74pzsshcbt5gwurecalw3tyeqsx5dvjgyyd.onion|/DeepOnionCore:2.3.0.1/|80018||||||
zzjsniuj4n7jcpn3cu6etggyjaa4rfluomrviizle3z4xmniezuzhnid.onion|/DeepOnionCore:2.3.2/|80019||||||
